[2026-06-12T11:08:47] ============================================================
[2026-06-12T11:08:47] PMJAY HEM Scraper starting
[2026-06-12T11:08:47] Resuming with 0 known ids, 0 profiles already fetched.
[2026-06-12T11:16:47] ============================================================
[2026-06-12T11:16:47] PMJAY Public Hospital Scraper starting
[2026-06-12T11:16:47] Resuming: 0 combos done, 0 rows.
[2026-06-12T11:16:47] === ANDAMAN AND NICOBAR ISLANDS / Public ===
[2026-06-12T11:16:48]   parsed 7 rows
[2026-06-12T11:16:48]   wrote 7 rows to hospitals.csv + hospitals.json
[2026-06-12T11:16:50] === ANDAMAN AND NICOBAR ISLANDS / Private (Not For Profit) ===
[2026-06-12T11:16:51]   parse error: Unsupported format, or corrupt file: Expected BOF record; found b'<!DOCTYP'
[2026-06-12T11:16:54] === ANDAMAN AND NICOBAR ISLANDS / Private (For Profit) ===
[2026-06-12T11:16:54]   parse error: Unsupported format, or corrupt file: Expected BOF record; found b'<!DOCTYP'
[2026-06-12T11:16:57] === ANDHRA PRADESH / Public ===
[2026-06-12T11:17:08]   parsed 1411 rows
[2026-06-12T11:17:08]   wrote 1418 rows to hospitals.csv + hospitals.json
[2026-06-12T11:17:10] === ANDHRA PRADESH / Private (Not For Profit) ===
[2026-06-12T11:17:11]   parsed 6 rows
[2026-06-12T11:17:11]   wrote 1424 rows to hospitals.csv + hospitals.json
[2026-06-12T11:17:13] === ANDHRA PRADESH / Private (For Profit) ===
[2026-06-12T11:17:20]   parsed 1150 rows
[2026-06-12T11:17:20]   wrote 2574 rows to hospitals.csv + hospitals.json
[2026-06-12T11:17:23] === ARUNACHAL PRADESH / Public ===
[2026-06-12T11:17:24]   parsed 46 rows
[2026-06-12T11:17:24]   wrote 2620 rows to hospitals.csv + hospitals.json
[2026-06-12T11:17:26] === ARUNACHAL PRADESH / Private (Not For Profit) ===
[2026-06-12T11:17:28]   parsed 1 rows
[2026-06-12T11:17:28]   wrote 2621 rows to hospitals.csv + hospitals.json
[2026-06-12T11:17:30] === ARUNACHAL PRADESH / Private (For Profit) ===
[2026-06-12T11:17:30]   parsed 4 rows
[2026-06-12T11:17:30]   wrote 2625 rows to hospitals.csv + hospitals.json
[2026-06-12T11:17:33] === ASSAM / Public ===
[2026-06-12T11:17:36]   parsed 177 rows
[2026-06-12T11:17:36]   wrote 2802 rows to hospitals.csv + hospitals.json
[2026-06-12T11:17:38] === ASSAM / Private (Not For Profit) ===
[2026-06-12T11:17:39]   parsed 34 rows
[2026-06-12T11:17:39]   wrote 2836 rows to hospitals.csv + hospitals.json
[2026-06-12T11:17:41] === ASSAM / Private (For Profit) ===
[2026-06-12T11:17:43]   parsed 170 rows
[2026-06-12T11:17:43]   wrote 3006 rows to hospitals.csv + hospitals.json
[2026-06-12T11:17:46] === BIHAR / Public ===
[2026-06-12T11:17:51]   parsed 575 rows
[2026-06-12T11:17:51]   wrote 3581 rows to hospitals.csv + hospitals.json
[2026-06-12T11:17:53] === BIHAR / Private (Not For Profit) ===
[2026-06-12T11:17:54]   parsed 77 rows
[2026-06-12T11:17:54]   wrote 3658 rows to hospitals.csv + hospitals.json
[2026-06-12T11:17:56] === BIHAR / Private (For Profit) ===
[2026-06-12T11:18:01]   parsed 518 rows
[2026-06-12T11:18:01]   wrote 4176 rows to hospitals.csv + hospitals.json
[2026-06-12T11:18:04] === CHANDIGARH / Public ===
[2026-06-12T11:18:05]   parsed 5 rows
[2026-06-12T11:18:05]   wrote 4181 rows to hospitals.csv + hospitals.json
[2026-06-12T11:18:07] === CHANDIGARH / Private (Not For Profit) ===
[2026-06-12T11:18:08]   parsed 2 rows
[2026-06-12T11:18:08]   wrote 4183 rows to hospitals.csv + hospitals.json
[2026-06-12T11:18:10] === CHANDIGARH / Private (For Profit) ===
[2026-06-12T11:18:11]   parsed 54 rows
[2026-06-12T11:18:11]   wrote 4237 rows to hospitals.csv + hospitals.json
[2026-06-12T11:18:14] === CHHATTISGARH / Public ===
[2026-06-12T11:18:22]   parsed 1026 rows
[2026-06-12T11:18:22]   wrote 5263 rows to hospitals.csv + hospitals.json
[2026-06-12T11:18:24] === CHHATTISGARH / Private (Not For Profit) ===
[2026-06-12T11:18:25]   parsed 36 rows
[2026-06-12T11:18:25]   wrote 5299 rows to hospitals.csv + hospitals.json
[2026-06-12T11:18:27] === CHHATTISGARH / Private (For Profit) ===
[2026-06-12T11:18:32]   parsed 603 rows
[2026-06-12T11:18:32]   wrote 5902 rows to hospitals.csv + hospitals.json
[2026-06-12T11:18:35] === DADRA AND NAGAR HAVELI / Public ===
[2026-06-12T11:18:36]   parsed 11 rows
[2026-06-12T11:18:36]   wrote 5913 rows to hospitals.csv + hospitals.json
[2026-06-12T11:18:38] === DADRA AND NAGAR HAVELI / Private (Not For Profit) ===
[2026-06-12T11:18:38]   parse error: Unsupported format, or corrupt file: Expected BOF record; found b'<!DOCTYP'
[2026-06-12T11:18:41] === DADRA AND NAGAR HAVELI / Private (For Profit) ===
[2026-06-12T11:18:42]   parsed 2 rows
[2026-06-12T11:18:43]   wrote 5915 rows to hospitals.csv + hospitals.json
[2026-06-12T11:18:46] === DAMAN AND DIU / Public ===
[2026-06-12T11:18:47]   parsed 4 rows
[2026-06-12T11:18:47]   wrote 5919 rows to hospitals.csv + hospitals.json
[2026-06-12T11:18:49] === DAMAN AND DIU / Private (Not For Profit) ===
[2026-06-12T11:18:49]   parse error: Unsupported format, or corrupt file: Expected BOF record; found b'<!DOCTYP'
[2026-06-12T11:18:52] === DAMAN AND DIU / Private (For Profit) ===
[2026-06-12T11:18:53]   parsed 3 rows
[2026-06-12T11:18:53]   wrote 5922 rows to hospitals.csv + hospitals.json
[2026-06-12T11:18:56] === GOA / Public ===
[2026-06-12T11:18:58]   parsed 14 rows
[2026-06-12T11:18:58]   wrote 5936 rows to hospitals.csv + hospitals.json
[2026-06-12T11:19:00] === GOA / Private (Not For Profit) ===
[2026-06-12T11:19:01]   parse error: Unsupported format, or corrupt file: Expected BOF record; found b'<!DOCTYP'
[2026-06-12T11:19:04] === GOA / Private (For Profit) ===
[2026-06-12T11:19:05]   parsed 4 rows
[2026-06-12T11:19:05]   wrote 5940 rows to hospitals.csv + hospitals.json
[2026-06-12T11:19:08] === GUJARAT / Public ===
[2026-06-12T11:19:19]   parsed 1745 rows
[2026-06-12T11:19:19]   wrote 7685 rows to hospitals.csv + hospitals.json
[2026-06-12T11:19:21] === GUJARAT / Private (Not For Profit) ===
[2026-06-12T11:19:22]   parsed 90 rows
[2026-06-12T11:19:23]   wrote 7775 rows to hospitals.csv + hospitals.json
[2026-06-12T11:19:25] === GUJARAT / Private (For Profit) ===
[2026-06-12T11:19:31]   parsed 824 rows
[2026-06-12T11:19:31]   wrote 8599 rows to hospitals.csv + hospitals.json
[2026-06-12T11:19:34] === HARYANA / Public ===
[2026-06-12T11:19:40]   parsed 508 rows
[2026-06-12T11:19:40]   wrote 9107 rows to hospitals.csv + hospitals.json
[2026-06-12T11:19:42] === HARYANA / Private (Not For Profit) ===
[2026-06-12T11:19:44]   parsed 188 rows
[2026-06-12T11:19:44]   wrote 9295 rows to hospitals.csv + hospitals.json
[2026-06-12T11:19:46] === HARYANA / Private (For Profit) ===
[2026-06-12T11:19:54]   parsed 1102 rows
[2026-06-12T11:19:54]   wrote 10397 rows to hospitals.csv + hospitals.json
[2026-06-12T11:19:57] === HIMACHAL PRADESH / Public ===
[2026-06-12T11:19:59]   parsed 136 rows
[2026-06-12T11:19:59]   wrote 10533 rows to hospitals.csv + hospitals.json
[2026-06-12T11:20:01] === HIMACHAL PRADESH / Private (Not For Profit) ===
[2026-06-12T11:20:02]   parsed 31 rows
[2026-06-12T11:20:03]   wrote 10564 rows to hospitals.csv + hospitals.json
[2026-06-12T11:20:05] === HIMACHAL PRADESH / Private (For Profit) ===
[2026-06-12T11:20:06]   parsed 120 rows
[2026-06-12T11:20:07]   wrote 10684 rows to hospitals.csv + hospitals.json
[2026-06-12T11:20:10] === JAMMU AND KASHMIR / Public ===
[2026-06-12T11:20:12]   parsed 120 rows
[2026-06-12T11:20:12]   wrote 10804 rows to hospitals.csv + hospitals.json
[2026-06-12T11:20:14] === JAMMU AND KASHMIR / Private (Not For Profit) ===
[2026-06-12T11:20:15]   parsed 18 rows
[2026-06-12T11:20:15]   wrote 10822 rows to hospitals.csv + hospitals.json
[2026-06-12T11:20:17] === JAMMU AND KASHMIR / Private (For Profit) ===
[2026-06-12T11:20:19]   parsed 124 rows
[2026-06-12T11:20:19]   wrote 10946 rows to hospitals.csv + hospitals.json
[2026-06-12T11:20:22] === JHARKHAND / Public ===
[2026-06-12T11:20:25]   parsed 226 rows
[2026-06-12T11:20:25]   wrote 11172 rows to hospitals.csv + hospitals.json
[2026-06-12T11:20:27] === JHARKHAND / Private (Not For Profit) ===
[2026-06-12T11:20:28]   parsed 46 rows
[2026-06-12T11:20:29]   wrote 11218 rows to hospitals.csv + hospitals.json
[2026-06-12T11:20:31] === JHARKHAND / Private (For Profit) ===
[2026-06-12T11:20:34]   parsed 293 rows
[2026-06-12T11:20:34]   wrote 11511 rows to hospitals.csv + hospitals.json
[2026-06-12T11:20:37] === KARNATAKA / Public ===
[2026-06-12T11:20:55]   parsed 3281 rows
[2026-06-12T11:20:56]   wrote 14792 rows to hospitals.csv + hospitals.json
[2026-06-12T11:20:58] === KARNATAKA / Private (Not For Profit) ===
[2026-06-12T11:20:59]   parsed 20 rows
[2026-06-12T11:20:59]   wrote 14812 rows to hospitals.csv + hospitals.json
[2026-06-12T11:21:01] === KARNATAKA / Private (For Profit) ===
[2026-06-12T11:21:08]   parsed 671 rows
[2026-06-12T11:21:08]   wrote 15483 rows to hospitals.csv + hospitals.json
[2026-06-12T11:21:11] === KERALA / Public ===
[2026-06-12T11:21:17]   parsed 199 rows
[2026-06-12T11:21:17]   wrote 15682 rows to hospitals.csv + hospitals.json
[2026-06-12T11:21:19] === KERALA / Private (Not For Profit) ===
[2026-06-12T11:21:23]   parsed 130 rows
[2026-06-12T11:21:23]   wrote 15812 rows to hospitals.csv + hospitals.json
[2026-06-12T11:21:25] === KERALA / Private (For Profit) ===
[2026-06-12T11:21:29]   parsed 301 rows
[2026-06-12T11:21:29]   wrote 16113 rows to hospitals.csv + hospitals.json
[2026-06-12T11:21:32] === LADAKH / Public ===
[2026-06-12T11:21:33]   parsed 10 rows
[2026-06-12T11:21:33]   wrote 16123 rows to hospitals.csv + hospitals.json
[2026-06-12T11:21:35] === LADAKH / Private (Not For Profit) ===
[2026-06-12T11:21:36]   parse error: Unsupported format, or corrupt file: Expected BOF record; found b'<!DOCTYP'
[2026-06-12T11:21:39] === LADAKH / Private (For Profit) ===
[2026-06-12T11:21:40]   parse error: Unsupported format, or corrupt file: Expected BOF record; found b'<!DOCTYP'
[2026-06-12T11:21:43] === LAKSHADWEEP / Public ===
[2026-06-12T11:21:44]   parsed 5 rows
[2026-06-12T11:21:44]   wrote 16128 rows to hospitals.csv + hospitals.json
[2026-06-12T11:21:46] === LAKSHADWEEP / Private (Not For Profit) ===
[2026-06-12T11:21:47]   parse error: Unsupported format, or corrupt file: Expected BOF record; found b'<!DOCTYP'
[2026-06-12T11:21:50] === LAKSHADWEEP / Private (For Profit) ===
[2026-06-12T11:21:50]   parse error: Unsupported format, or corrupt file: Expected BOF record; found b'<!DOCTYP'
[2026-06-12T11:21:53] === MADHYA PRADESH / Public ===
[2026-06-12T11:21:57]   parsed 484 rows
[2026-06-12T11:21:57]   wrote 16612 rows to hospitals.csv + hospitals.json
[2026-06-12T11:21:59] === MADHYA PRADESH / Private (Not For Profit) ===
[2026-06-12T11:22:01]   parsed 95 rows
[2026-06-12T11:22:01]   wrote 16707 rows to hospitals.csv + hospitals.json
[2026-06-12T11:22:03] === MADHYA PRADESH / Private (For Profit) ===
[2026-06-12T11:22:09]   parsed 611 rows
[2026-06-12T11:22:09]   wrote 17318 rows to hospitals.csv + hospitals.json
[2026-06-12T11:22:12] === MAHARASHTRA / Public ===
[2026-06-12T11:22:18]   parsed 518 rows
[2026-06-12T11:22:19]   wrote 17836 rows to hospitals.csv + hospitals.json
[2026-06-12T11:22:21] === MAHARASHTRA / Private (Not For Profit) ===
[2026-06-12T11:22:22]   parsed 63 rows
[2026-06-12T11:22:23]   wrote 17899 rows to hospitals.csv + hospitals.json
[2026-06-12T11:22:25] === MAHARASHTRA / Private (For Profit) ===
[2026-06-12T11:22:35]   parsed 1449 rows
[2026-06-12T11:22:35]   wrote 19348 rows to hospitals.csv + hospitals.json
[2026-06-12T11:22:38] === MANIPUR / Public ===
[2026-06-12T11:22:39]   parsed 34 rows
[2026-06-12T11:22:39]   wrote 19382 rows to hospitals.csv + hospitals.json
[2026-06-12T11:22:41] === MANIPUR / Private (Not For Profit) ===
[2026-06-12T11:22:42]   parsed 3 rows
[2026-06-12T11:22:43]   wrote 19385 rows to hospitals.csv + hospitals.json
[2026-06-12T11:22:45] === MANIPUR / Private (For Profit) ===
[2026-06-12T11:22:46]   parsed 35 rows
[2026-06-12T11:22:46]   wrote 19420 rows to hospitals.csv + hospitals.json
[2026-06-12T11:22:49] === MEGHALAYA / Public ===
[2026-06-12T11:22:51]   parsed 161 rows
[2026-06-12T11:22:51]   wrote 19581 rows to hospitals.csv + hospitals.json
[2026-06-12T11:22:53] === MEGHALAYA / Private (Not For Profit) ===
[2026-06-12T11:22:54]   parsed 8 rows
[2026-06-12T11:22:55]   wrote 19589 rows to hospitals.csv + hospitals.json
[2026-06-12T11:22:57] === MEGHALAYA / Private (For Profit) ===
[2026-06-12T11:22:58]   parsed 15 rows
[2026-06-12T11:22:59]   wrote 19604 rows to hospitals.csv + hospitals.json
[2026-06-12T11:23:02] === MIZORAM / Public ===
[2026-06-12T11:23:03]   parsed 79 rows
[2026-06-12T11:23:03]   wrote 19683 rows to hospitals.csv + hospitals.json
[2026-06-12T11:23:05] === MIZORAM / Private (Not For Profit) ===
[2026-06-12T11:23:06]   parsed 2 rows
[2026-06-12T11:23:07]   wrote 19685 rows to hospitals.csv + hospitals.json
[2026-06-12T11:23:09] === MIZORAM / Private (For Profit) ===
[2026-06-12T11:23:10]   parsed 6 rows
[2026-06-12T11:23:10]   wrote 19691 rows to hospitals.csv + hospitals.json
[2026-06-12T11:23:13] === NAGALAND / Public ===
[2026-06-12T11:23:15]   parsed 89 rows
[2026-06-12T11:23:15]   wrote 19780 rows to hospitals.csv + hospitals.json
[2026-06-12T11:23:17] === NAGALAND / Private (Not For Profit) ===
[2026-06-12T11:23:18]   parsed 8 rows
[2026-06-12T11:23:18]   wrote 19788 rows to hospitals.csv + hospitals.json
[2026-06-12T11:23:20] === NAGALAND / Private (For Profit) ===
[2026-06-12T11:23:21]   parsed 46 rows
[2026-06-12T11:23:22]   wrote 19834 rows to hospitals.csv + hospitals.json
[2026-06-12T11:23:25] === NCT OF Delhi / Public ===
[2026-06-12T11:23:26]   parsed 8 rows
[2026-06-12T11:23:26]   wrote 19842 rows to hospitals.csv + hospitals.json
[2026-06-12T11:23:28] === NCT OF Delhi / Private (Not For Profit) ===
[2026-06-12T11:23:30]   parsed 67 rows
[2026-06-12T11:23:30]   wrote 19909 rows to hospitals.csv + hospitals.json
[2026-06-12T11:23:32] === NCT OF Delhi / Private (For Profit) ===
[2026-06-12T11:23:35]   parsed 343 rows
[2026-06-12T11:23:35]   wrote 20252 rows to hospitals.csv + hospitals.json
[2026-06-12T11:23:38] === NHCP / Public ===
[2026-06-12T11:23:39]   parse error: Unsupported format, or corrupt file: Expected BOF record; found b'<!DOCTYP'
[2026-06-12T11:23:42] === NHCP / Private (Not For Profit) ===
[2026-06-12T11:23:42]   parse error: Unsupported format, or corrupt file: Expected BOF record; found b'<!DOCTYP'
[2026-06-12T11:23:45] === NHCP / Private (For Profit) ===
[2026-06-12T11:23:46]   parse error: Unsupported format, or corrupt file: Expected BOF record; found b'<!DOCTYP'
[2026-06-12T11:23:49] === ODISHA / Public ===
[2026-06-12T11:23:50]   parsed 1 rows
[2026-06-12T11:23:50]   wrote 20253 rows to hospitals.csv + hospitals.json
[2026-06-12T11:23:52] === ODISHA / Private (Not For Profit) ===
[2026-06-12T11:23:53]   parsed 2 rows
[2026-06-12T11:23:53]   wrote 20255 rows to hospitals.csv + hospitals.json
[2026-06-12T11:23:55] === ODISHA / Private (For Profit) ===
[2026-06-12T11:23:56]   parsed 11 rows
[2026-06-12T11:23:57]   wrote 20266 rows to hospitals.csv + hospitals.json
[2026-06-12T11:24:00] === PSU / Public ===
[2026-06-12T11:24:01]   parsed 2 rows
[2026-06-12T11:24:01]   wrote 20268 rows to hospitals.csv + hospitals.json
[2026-06-12T11:24:03] === PSU / Private (Not For Profit) ===
[2026-06-12T11:24:04]   parse error: Unsupported format, or corrupt file: Expected BOF record; found b'<!DOCTYP'
[2026-06-12T11:24:07] === PSU / Private (For Profit) ===
[2026-06-12T11:24:07]   parse error: Unsupported format, or corrupt file: Expected BOF record; found b'<!DOCTYP'
[2026-06-12T11:24:10] === PUDUCHERRY / Public ===
[2026-06-12T11:24:11]   parsed 11 rows
[2026-06-12T11:24:11]   wrote 20279 rows to hospitals.csv + hospitals.json
[2026-06-12T11:24:13] === PUDUCHERRY / Private (Not For Profit) ===
[2026-06-12T11:24:15]   parsed 9 rows
[2026-06-12T11:24:15]   wrote 20288 rows to hospitals.csv + hospitals.json
[2026-06-12T11:24:17] === PUDUCHERRY / Private (For Profit) ===
[2026-06-12T11:24:18]   parsed 14 rows
[2026-06-12T11:24:18]   wrote 20302 rows to hospitals.csv + hospitals.json
[2026-06-12T11:24:21] === PUNJAB / Public ===
[2026-06-12T11:24:24]   parsed 215 rows
[2026-06-12T11:24:24]   wrote 20517 rows to hospitals.csv + hospitals.json
[2026-06-12T11:24:26] === PUNJAB / Private (Not For Profit) ===
[2026-06-12T11:24:28]   parsed 88 rows
[2026-06-12T11:24:28]   wrote 20605 rows to hospitals.csv + hospitals.json
[2026-06-12T11:24:30] === PUNJAB / Private (For Profit) ===
[2026-06-12T11:24:37]   parsed 575 rows
[2026-06-12T11:24:37]   wrote 21180 rows to hospitals.csv + hospitals.json
[2026-06-12T11:24:40] === RAJASTHAN / Public ===
[2026-06-12T11:24:48]   parsed 916 rows
[2026-06-12T11:24:48]   wrote 22096 rows to hospitals.csv + hospitals.json
[2026-06-12T11:24:50] === RAJASTHAN / Private (Not For Profit) ===
[2026-06-12T11:24:52]   parsed 18 rows
[2026-06-12T11:24:52]   wrote 22114 rows to hospitals.csv + hospitals.json
[2026-06-12T11:24:54] === RAJASTHAN / Private (For Profit) ===
[2026-06-12T11:25:03]   parsed 1099 rows
[2026-06-12T11:25:04]   wrote 23213 rows to hospitals.csv + hospitals.json
[2026-06-12T11:25:07] === SIKKIM / Public ===
[2026-06-12T11:25:08]   parsed 14 rows
[2026-06-12T11:25:08]   wrote 23227 rows to hospitals.csv + hospitals.json
[2026-06-12T11:25:10] === SIKKIM / Private (Not For Profit) ===
[2026-06-12T11:25:11]   parsed 2 rows
[2026-06-12T11:25:12]   wrote 23229 rows to hospitals.csv + hospitals.json
[2026-06-12T11:25:14] === SIKKIM / Private (For Profit) ===
[2026-06-12T11:25:15]   parsed 3 rows
[2026-06-12T11:25:15]   wrote 23232 rows to hospitals.csv + hospitals.json
[2026-06-12T11:25:18] === TAMIL NADU / Public ===
[2026-06-12T11:25:25]   parsed 1036 rows
[2026-06-12T11:25:25]   wrote 24268 rows to hospitals.csv + hospitals.json
[2026-06-12T11:25:27] === TAMIL NADU / Private (Not For Profit) ===
[2026-06-12T11:25:28]   parsed 11 rows
[2026-06-12T11:25:29]   wrote 24279 rows to hospitals.csv + hospitals.json
[2026-06-12T11:25:31] === TAMIL NADU / Private (For Profit) ===
[2026-06-12T11:25:38]   parsed 1291 rows
[2026-06-12T11:25:39]   wrote 25570 rows to hospitals.csv + hospitals.json
[2026-06-12T11:25:42] === TELANGANA / Public ===
[2026-06-12T11:25:50]   parsed 1016 rows
[2026-06-12T11:25:51]   wrote 26586 rows to hospitals.csv + hospitals.json
[2026-06-12T11:25:53] === TELANGANA / Private (Not For Profit) ===
[2026-06-12T11:25:54]   parsed 21 rows
[2026-06-12T11:25:55]   wrote 26607 rows to hospitals.csv + hospitals.json
[2026-06-12T11:25:57] === TELANGANA / Private (For Profit) ===
[2026-06-12T11:26:02]   parsed 667 rows
[2026-06-12T11:26:03]   wrote 27274 rows to hospitals.csv + hospitals.json
[2026-06-12T11:26:06] === TRIPURA / Public ===
[2026-06-12T11:26:08]   parsed 132 rows
[2026-06-12T11:26:08]   wrote 27406 rows to hospitals.csv + hospitals.json
[2026-06-12T11:26:10] === TRIPURA / Private (Not For Profit) ===
[2026-06-12T11:26:11]   parsed 1 rows
[2026-06-12T11:26:12]   wrote 27407 rows to hospitals.csv + hospitals.json
[2026-06-12T11:26:14] === TRIPURA / Private (For Profit) ===
[2026-06-12T11:26:15]   parsed 6 rows
[2026-06-12T11:26:15]   wrote 27413 rows to hospitals.csv + hospitals.json
[2026-06-12T11:26:18] === UTTARAKHAND / Public ===
[2026-06-12T11:26:20]   parsed 101 rows
[2026-06-12T11:26:20]   wrote 27514 rows to hospitals.csv + hospitals.json
[2026-06-12T11:26:22] === UTTARAKHAND / Private (Not For Profit) ===
[2026-06-12T11:26:24]   parsed 44 rows
[2026-06-12T11:26:25]   wrote 27558 rows to hospitals.csv + hospitals.json
[2026-06-12T11:26:27] === UTTARAKHAND / Private (For Profit) ===
[2026-06-12T11:26:29]   parsed 171 rows
[2026-06-12T11:26:29]   wrote 27729 rows to hospitals.csv + hospitals.json
[2026-06-12T11:26:32] === UTTAR PRADESH / Public ===
[2026-06-12T11:26:48]   parsed 2928 rows
[2026-06-12T11:26:49]   wrote 30657 rows to hospitals.csv + hospitals.json
[2026-06-12T11:26:51] === UTTAR PRADESH / Private (Not For Profit) ===
[2026-06-12T11:26:55]   parsed 538 rows
[2026-06-12T11:26:56]   wrote 31195 rows to hospitals.csv + hospitals.json
[2026-06-12T11:26:58] === UTTAR PRADESH / Private (For Profit) ===
[2026-06-12T11:27:15]   parsed 2836 rows
[2026-06-12T11:27:16]   wrote 34031 rows to hospitals.csv + hospitals.json
[2026-06-12T11:27:19] === WEST BENGAL / Public ===
[2026-06-12T11:27:20]   parsed 4 rows
[2026-06-12T11:27:21]   wrote 34035 rows to hospitals.csv + hospitals.json
[2026-06-12T11:27:23] === WEST BENGAL / Private (Not For Profit) ===
[2026-06-12T11:27:24]   parsed 16 rows
[2026-06-12T11:27:25]   wrote 34051 rows to hospitals.csv + hospitals.json
[2026-06-12T11:27:27] === WEST BENGAL / Private (For Profit) ===
[2026-06-12T11:27:29]   parsed 72 rows
[2026-06-12T11:27:29]   wrote 34123 rows to hospitals.csv + hospitals.json
[2026-06-12T11:27:33]   wrote 34123 rows to hospitals.csv + hospitals.json
[2026-06-12T11:27:33] DONE. Total rows: 34123
[2026-06-12T11:27:33] CSV:  D:\SA_backend\hospitals\hospitals.csv
[2026-06-12T11:27:33] JSON: D:\SA_backend\hospitals\hospitals.json
[2026-06-12T11:47:30] ============================================================
[2026-06-12T11:47:30] Enrichment starting
[2026-06-12T11:47:30] Loaded 34123 rows from hospitals.csv
[2026-06-12T11:47:30] Need to fetch 34123 hospital details (already cached 0)
[2026-06-12T11:47:38]   500/34123 fetched, 60.5/s, ETA 9 min
[2026-06-12T11:54:45] FATAL: [Errno 13] Permission denied: 'D:\\SA_backend\\hospitals\\hospitals.csv'
[2026-06-12T11:55:10] ============================================================
[2026-06-12T11:55:10] Enrichment starting
[2026-06-12T11:55:10] Loaded 34123 rows from hospitals.csv
[2026-06-12T11:55:10] Need to fetch 34123 hospital details (already cached 0)
[2026-06-12T11:55:17]   500/34123 fetched, 67.2/s, ETA 8 min
[2026-06-12T12:02:20] FATAL: [WinError 5] Access is denied: 'D:\\SA_backend\\hospitals\\hospitals.csv.tmp' -> 'D:\\SA_backend\\hospitals\\hospitals.csv'
[2026-06-12T12:02:59] ============================================================
[2026-06-12T12:02:59] Enrichment starting
[2026-06-12T12:02:59] Loaded 34123 rows from hospitals.csv
[2026-06-12T12:02:59] Need to fetch 34123 hospital details (already cached 0)
[2026-06-12T12:03:07]   500/34123 fetched, 63.4/s, ETA 9 min
[2026-06-12T12:11:41] ============================================================
[2026-06-12T12:11:41] Enrichment starting
[2026-06-12T12:11:42] Loaded 34123 rows from hospitals.csv
[2026-06-12T12:11:42] Need to fetch 33623 hospital details (already cached 500)
[2026-06-12T12:11:53]   500/33623 fetched, 44.9/s, ETA 12 min
[2026-06-12T12:11:55]   wrote 34123 rows
[2026-06-12T12:12:00]   1000/33623 fetched, 54.0/s, ETA 10 min
[2026-06-12T12:12:02]   wrote 34123 rows
[2026-06-12T12:12:08]   1500/33623 fetched, 57.7/s, ETA 9 min
[2026-06-12T12:12:10]   wrote 34123 rows
[2026-06-12T12:12:16]   2000/33623 fetched, 58.6/s, ETA 9 min
[2026-06-12T12:12:17]   wrote 34123 rows
[2026-06-12T12:12:23]   2500/33623 fetched, 61.0/s, ETA 9 min
[2026-06-12T12:12:24]   wrote 34123 rows
[2026-06-12T12:12:30]   3000/33623 fetched, 62.6/s, ETA 8 min
[2026-06-12T12:12:31]   wrote 34123 rows
[2026-06-12T12:12:36]   3500/33623 fetched, 64.2/s, ETA 8 min
[2026-06-12T12:12:37]   wrote 34123 rows
[2026-06-12T12:12:43]   4000/33623 fetched, 65.4/s, ETA 8 min
[2026-06-12T12:12:44]   wrote 34123 rows
[2026-06-12T12:12:49]   4500/33623 fetched, 66.8/s, ETA 7 min
[2026-06-12T12:12:50]   wrote 34123 rows
[2026-06-12T12:12:56]   5000/33623 fetched, 67.6/s, ETA 7 min
[2026-06-12T12:12:57]   wrote 34123 rows
[2026-06-12T12:13:03]   5500/33623 fetched, 68.1/s, ETA 7 min
[2026-06-12T12:13:03]   wrote 34123 rows
[2026-06-12T12:13:09]   6000/33623 fetched, 69.0/s, ETA 7 min
[2026-06-12T12:13:09]   wrote 34123 rows
[2026-06-12T12:13:15]   6500/33623 fetched, 69.6/s, ETA 6 min
[2026-06-12T12:13:16]   wrote 34123 rows
[2026-06-12T12:13:22]   7000/33623 fetched, 69.9/s, ETA 6 min
[2026-06-12T12:13:23]   wrote 34123 rows
[2026-06-12T12:13:29]   7500/33623 fetched, 70.1/s, ETA 6 min
[2026-06-12T12:13:30]   wrote 34123 rows
[2026-06-12T12:13:35]   8000/33623 fetched, 70.6/s, ETA 6 min
[2026-06-12T12:13:36]   wrote 34123 rows
[2026-06-12T12:13:41]   8500/33623 fetched, 71.1/s, ETA 6 min
[2026-06-12T12:13:42]   wrote 34123 rows
[2026-06-12T12:13:48]   9000/33623 fetched, 71.5/s, ETA 6 min
[2026-06-12T12:13:48]   wrote 34123 rows
[2026-06-12T12:13:50] ============================================================
[2026-06-12T12:13:50] Enrichment starting
[2026-06-12T12:13:50] Loaded 34123 rows from hospitals.csv
[2026-06-12T12:13:54]   9500/33623 fetched, 71.7/s, ETA 6 min
[2026-06-12T12:13:55]   wrote 34123 rows
[2026-06-12T12:14:00]   10000/33623 fetched, 72.2/s, ETA 5 min
[2026-06-12T12:14:01]   wrote 34123 rows
[2026-06-12T12:14:07]   10500/33623 fetched, 72.4/s, ETA 5 min
[2026-06-12T12:14:07]   wrote 34123 rows
[2026-06-12T12:14:14]   11000/33623 fetched, 72.4/s, ETA 5 min
[2026-06-12T12:14:14]   wrote 34123 rows
[2026-06-12T12:14:20]   11500/33623 fetched, 72.6/s, ETA 5 min
[2026-06-12T12:14:21]   wrote 34123 rows
[2026-06-12T12:14:27]   12000/33623 fetched, 72.7/s, ETA 5 min
[2026-06-12T12:14:28]   wrote 34123 rows
[2026-06-12T12:14:33]   12500/33623 fetched, 72.9/s, ETA 5 min
[2026-06-12T12:14:34]   wrote 34123 rows
[2026-06-12T12:14:40]   13000/33623 fetched, 73.0/s, ETA 5 min
[2026-06-12T12:14:40]   wrote 34123 rows
[2026-06-12T12:14:46]   13500/33623 fetched, 73.2/s, ETA 5 min
[2026-06-12T12:14:47]   wrote 34123 rows
[2026-06-12T12:14:52]   14000/33623 fetched, 73.5/s, ETA 4 min
[2026-06-12T12:14:53]   wrote 34123 rows
[2026-06-12T12:14:59]   14500/33623 fetched, 73.7/s, ETA 4 min
[2026-06-12T12:14:59]   wrote 34123 rows
[2026-06-12T12:15:05]   15000/33623 fetched, 73.8/s, ETA 4 min
[2026-06-12T12:15:06]   wrote 34123 rows
[2026-06-12T12:15:11]   15500/33623 fetched, 74.0/s, ETA 4 min
[2026-06-12T12:15:12]   wrote 34123 rows
[2026-06-12T12:15:18]   16000/33623 fetched, 74.1/s, ETA 4 min
[2026-06-12T12:15:18]   wrote 34123 rows
[2026-06-12T12:15:24]   16500/33623 fetched, 74.1/s, ETA 4 min
[2026-06-12T12:15:25]   wrote 34123 rows
[2026-06-12T12:15:30]   17000/33623 fetched, 74.4/s, ETA 4 min
[2026-06-12T12:15:31]   wrote 34123 rows
[2026-06-12T12:15:36]   17500/33623 fetched, 74.6/s, ETA 4 min
[2026-06-12T12:15:37]   wrote 34123 rows
[2026-06-12T12:15:43]   18000/33623 fetched, 74.7/s, ETA 3 min
[2026-06-12T12:15:44]   wrote 34123 rows
[2026-06-12T12:15:49]   18500/33623 fetched, 74.8/s, ETA 3 min
[2026-06-12T12:15:50]   wrote 34123 rows
[2026-06-12T12:15:56]   19000/33623 fetched, 74.7/s, ETA 3 min
[2026-06-12T12:15:57]   wrote 34123 rows
[2026-06-12T12:16:03]   19500/33623 fetched, 74.6/s, ETA 3 min
[2026-06-12T12:16:04] ============================================================
[2026-06-12T12:16:04] Enrichment starting
[2026-06-12T12:16:04] Loaded 34123 rows from hospitals.csv
[2026-06-12T12:16:05]   wrote 34123 rows
[2026-06-12T12:16:11]   20000/33623 fetched, 74.3/s, ETA 3 min
[2026-06-12T12:16:12]   wrote 34123 rows
[2026-06-12T12:16:18]   20500/33623 fetched, 74.3/s, ETA 3 min
[2026-06-12T12:16:18]   wrote 34123 rows
[2026-06-12T12:16:25]   21000/33623 fetched, 74.1/s, ETA 3 min
[2026-06-12T12:16:26]   wrote 34123 rows
[2026-06-12T12:16:27] Need to fetch 24623 hospital details (already cached 9500)
[2026-06-12T12:16:32]   21500/33623 fetched, 74.1/s, ETA 3 min
[2026-06-12T12:16:33]   wrote 34123 rows
[2026-06-12T12:16:35]   500/24623 fetched, 59.3/s, ETA 7 min
[2026-06-12T12:16:36]   wrote 34123 rows
[2026-06-12T12:16:39]   22000/33623 fetched, 73.9/s, ETA 3 min
[2026-06-12T12:16:40]   wrote 34123 rows
[2026-06-12T12:16:42]   1000/24623 fetched, 66.1/s, ETA 6 min
[2026-06-12T12:16:42]   wrote 34123 rows
[2026-06-12T12:16:47]   22500/33623 fetched, 73.8/s, ETA 3 min
[2026-06-12T12:16:48]   wrote 34123 rows
[2026-06-12T12:16:49]   1500/24623 fetched, 67.5/s, ETA 6 min
[2026-06-12T12:16:50]   wrote 34123 rows
[2026-06-12T12:16:54]   23000/33623 fetched, 73.7/s, ETA 2 min
[2026-06-12T12:16:55]   wrote 34123 rows
[2026-06-12T12:16:56]   2000/24623 fetched, 67.4/s, ETA 6 min
[2026-06-12T12:16:57]   wrote 34123 rows
[2026-06-12T12:17:01]   23500/33623 fetched, 73.6/s, ETA 2 min
[2026-06-12T12:17:02]   wrote 34123 rows
[2026-06-12T12:17:03]   2500/24623 fetched, 68.1/s, ETA 5 min
[2026-06-12T12:17:04]   wrote 34123 rows
[2026-06-12T12:17:08]   24000/33623 fetched, 73.6/s, ETA 2 min
[2026-06-12T12:17:09]   wrote 34123 rows
[2026-06-12T12:17:10]   3000/24623 fetched, 69.0/s, ETA 5 min
[2026-06-12T12:17:11]   wrote 34123 rows
[2026-06-12T12:17:14]   24500/33623 fetched, 73.7/s, ETA 2 min
[2026-06-12T12:17:15]   wrote 34123 rows
[2026-06-12T12:17:17]   3500/24623 fetched, 69.6/s, ETA 5 min
[2026-06-12T12:17:18]   wrote 34123 rows
[2026-06-12T12:17:21]   25000/33623 fetched, 73.7/s, ETA 2 min
[2026-06-12T12:17:22]   wrote 34123 rows
[2026-06-12T12:17:24]   4000/24623 fetched, 69.6/s, ETA 5 min
[2026-06-12T12:17:25]   wrote 34123 rows
[2026-06-12T12:17:28]   25500/33623 fetched, 73.6/s, ETA 2 min
[2026-06-12T12:17:29]   wrote 34123 rows
[2026-06-12T12:17:31]   4500/24623 fetched, 69.8/s, ETA 5 min
[2026-06-12T12:17:32]   wrote 34123 rows
[2026-06-12T12:17:35]   26000/33623 fetched, 73.6/s, ETA 2 min
[2026-06-12T12:17:36]   wrote 34123 rows
[2026-06-12T12:17:38]   5000/24623 fetched, 69.5/s, ETA 5 min
[2026-06-12T12:17:39]   wrote 34123 rows
[2026-06-12T12:17:42]   26500/33623 fetched, 73.5/s, ETA 2 min
[2026-06-12T12:17:43]   wrote 34123 rows
[2026-06-12T12:17:46]   5500/24623 fetched, 69.3/s, ETA 5 min
[2026-06-12T12:17:47]   wrote 34123 rows
[2026-06-12T12:17:49]   27000/33623 fetched, 73.5/s, ETA 2 min
[2026-06-12T12:17:50]   wrote 34123 rows
[2026-06-12T12:17:53]   6000/24623 fetched, 69.0/s, ETA 4 min
[2026-06-12T12:17:54]   wrote 34123 rows
[2026-06-12T12:17:57]   27500/33623 fetched, 73.3/s, ETA 1 min
[2026-06-12T12:17:58]   wrote 34123 rows
[2026-06-12T12:18:01]   6500/24623 fetched, 68.8/s, ETA 4 min
[2026-06-12T12:18:02]   wrote 34123 rows
[2026-06-12T12:18:04]   28000/33623 fetched, 73.3/s, ETA 1 min
[2026-06-12T12:18:05]   wrote 34123 rows
[2026-06-12T12:18:09]   7000/24623 fetched, 68.4/s, ETA 4 min
[2026-06-12T12:18:10]   wrote 34123 rows
[2026-06-12T12:18:11]   28500/33623 fetched, 73.2/s, ETA 1 min
[2026-06-12T12:18:12]   wrote 34123 rows
[2026-06-12T12:18:16]   7500/24623 fetched, 68.3/s, ETA 4 min
[2026-06-12T12:18:17]   wrote 34123 rows
[2026-06-12T12:18:19]   29000/33623 fetched, 73.1/s, ETA 1 min
[2026-06-12T12:18:19]   wrote 34123 rows
[2026-06-12T12:18:24]   8000/24623 fetched, 68.3/s, ETA 4 min
[2026-06-12T12:18:25]   wrote 34123 rows
[2026-06-12T12:18:26]   29500/33623 fetched, 73.1/s, ETA 1 min
[2026-06-12T12:18:27]   wrote 34123 rows
[2026-06-12T12:18:31]   8500/24623 fetched, 68.2/s, ETA 4 min
[2026-06-12T12:18:32]   wrote 34123 rows
[2026-06-12T12:18:33]   30000/33623 fetched, 73.0/s, ETA 1 min
[2026-06-12T12:18:34]   wrote 34123 rows
[2026-06-12T12:18:39]   9000/24623 fetched, 68.2/s, ETA 4 min
[2026-06-12T12:18:39]   wrote 34123 rows
[2026-06-12T12:18:40]   30500/33623 fetched, 73.0/s, ETA 1 min
[2026-06-12T12:18:41]   wrote 34123 rows
[2026-06-12T12:18:46]   9500/24623 fetched, 68.3/s, ETA 4 min
[2026-06-12T12:18:46]   wrote 34123 rows
[2026-06-12T12:18:47]   31000/33623 fetched, 72.9/s, ETA 1 min
[2026-06-12T12:18:48]   wrote 34123 rows
[2026-06-12T12:18:55]   10000/24623 fetched, 67.6/s, ETA 4 min
[2026-06-12T12:18:55]   wrote 34123 rows
[2026-06-12T12:19:00]   31500/33623 fetched, 72.0/s, ETA 0 min
[2026-06-12T12:19:00]   wrote 34123 rows
[2026-06-12T12:19:04]   10500/24623 fetched, 66.8/s, ETA 4 min
[2026-06-12T12:19:05]   wrote 34123 rows
[2026-06-12T12:19:12]   32000/33623 fetched, 71.1/s, ETA 0 min
[2026-06-12T12:19:12]   11000/24623 fetched, 66.3/s, ETA 3 min
[2026-06-12T12:19:13]   wrote 34123 rows
[2026-06-12T12:19:13]   wrote 34123 rows
[2026-06-12T12:19:20]   11500/24623 fetched, 66.2/s, ETA 3 min
[2026-06-12T12:19:21]   wrote 34123 rows
[2026-06-12T12:19:23]   32500/33623 fetched, 70.5/s, ETA 0 min
[2026-06-12T12:19:24]   wrote 34123 rows
[2026-06-12T12:19:29]   12000/24623 fetched, 65.8/s, ETA 3 min
[2026-06-12T12:19:30]   wrote 34123 rows
[2026-06-12T12:19:34]   33000/33623 fetched, 69.9/s, ETA 0 min
[2026-06-12T12:19:35]   wrote 34123 rows
[2026-06-12T12:19:38]   12500/24623 fetched, 65.2/s, ETA 3 min
[2026-06-12T12:19:39]   wrote 34123 rows
[2026-06-12T12:19:44]   33500/33623 fetched, 69.4/s, ETA 0 min
[2026-06-12T12:19:45]   wrote 34123 rows
[2026-06-12T12:19:47]   13000/24623 fetched, 64.7/s, ETA 3 min
[2026-06-12T12:19:48]   wrote 34123 rows
[2026-06-12T12:19:57]   13500/24623 fetched, 64.3/s, ETA 3 min
[2026-06-12T12:19:57]   wrote 34123 rows
[2026-06-12T12:20:06]   14000/24623 fetched, 63.8/s, ETA 3 min
[2026-06-12T12:20:07]   wrote 34123 rows
[2026-06-12T12:20:15]   14500/24623 fetched, 63.4/s, ETA 3 min
[2026-06-12T12:20:16]   wrote 34123 rows
[2026-06-12T12:20:24]   15000/24623 fetched, 63.2/s, ETA 3 min
[2026-06-12T12:20:25]   wrote 34123 rows
[2026-06-12T12:20:33]   15500/24623 fetched, 63.0/s, ETA 2 min
[2026-06-12T12:20:34]   wrote 34123 rows
[2026-06-12T12:20:41]   16000/24623 fetched, 62.8/s, ETA 2 min
[2026-06-12T12:20:42]   wrote 34123 rows
[2026-06-12T12:20:50]   16500/24623 fetched, 62.7/s, ETA 2 min
[2026-06-12T12:20:50]   wrote 34123 rows
[2026-06-12T12:20:58]   17000/24623 fetched, 62.7/s, ETA 2 min
[2026-06-12T12:20:58]   wrote 34123 rows
[2026-06-12T12:21:06]   17500/24623 fetched, 62.6/s, ETA 2 min
[2026-06-12T12:21:07]   wrote 34123 rows
[2026-06-12T12:21:14]   18000/24623 fetched, 62.6/s, ETA 2 min
[2026-06-12T12:21:15]   wrote 34123 rows
[2026-06-12T12:21:22]   18500/24623 fetched, 62.6/s, ETA 2 min
[2026-06-12T12:21:23]   wrote 34123 rows
[2026-06-12T12:21:45] ============================================================
[2026-06-12T12:21:45] Enrichment starting
[2026-06-12T12:21:45] Loaded 34123 rows from hospitals.csv
[2026-06-12T12:23:58] ============================================================
[2026-06-12T12:23:58] Enrichment starting
[2026-06-12T12:23:58] Loaded 34123 rows from hospitals.csv
[2026-06-12T12:44:39] ============================================================
[2026-06-12T12:44:39] Enrichment starting
[2026-06-12T12:44:39] Loaded 34123 rows from hospitals.csv
[2026-06-12T13:10:40] ============================================================
[2026-06-12T13:10:40] Enrichment starting
[2026-06-12T13:10:40] Loaded 34123 rows from hospitals.csv
[2026-06-12T13:21:52] ============================================================
[2026-06-12T13:21:52] Enrichment starting
[2026-06-12T13:21:52] Loaded 34123 rows from hospitals.csv
[2026-06-12T13:38:25] Loading cache...
[2026-06-12T13:38:25] Cache: 28000 entries
[2026-06-12T13:38:25] Loading rows...
[2026-06-12T13:38:25] Loaded 34123 rows
[2026-06-12T13:38:25] Applied enrichment to 28000/34123 rows from cache
[2026-06-12T13:38:26] Wrote _hospitals_new.csv and _hospitals_new.json
[2026-06-12T13:38:26]   Sr No                      34123/34123 (100.0%)
[2026-06-12T13:38:26]   Hospital Name              34123/34123 (100.0%)
[2026-06-12T13:38:26]   Hospital ID (UUID)         34123/34123 (100.0%)
[2026-06-12T13:38:26]   Accreditation                  0/34123 (0.0%)
[2026-06-12T13:38:26]   Address                    26855/34123 (78.7%)
[2026-06-12T13:38:26]   Emergency Numbers              0/34123 (0.0%)
[2026-06-12T13:38:26]   Ambulance Phone No             0/34123 (0.0%)
[2026-06-12T13:38:26]   Bloodbank Phone No             0/34123 (0.0%)
[2026-06-12T13:38:26]   Emergency Services             0/34123 (0.0%)
[2026-06-12T13:38:26]   Facilities                     0/34123 (0.0%)
[2026-06-12T13:38:26]   Foreign Pcare                  0/34123 (0.0%)
[2026-06-12T13:38:26]   Helpline                   28563/34123 (83.7%)
[2026-06-12T13:38:26]   Hospital Care Type         34123/34123 (100.0%)
[2026-06-12T13:38:26]   Hospital Category          34123/34123 (100.0%)
[2026-06-12T13:38:26]   Hospital Fax                   0/34123 (0.0%)
[2026-06-12T13:38:26]   Hospital Primary Email         0/34123 (0.0%)
[2026-06-12T13:38:26]   Hospital Secondary Email       0/34123 (0.0%)
[2026-06-12T13:38:26]   Latitude                   27109/34123 (79.4%)
[2026-06-12T13:38:26]   Longitude                  27108/34123 (79.4%)
[2026-06-12T13:38:26]   Location                   28000/34123 (82.1%)
[2026-06-12T13:38:26]   Miscellaneous Facilities       0/34123 (0.0%)
[2026-06-12T13:38:26]   Mobile Number              28563/34123 (83.7%)
[2026-06-12T13:38:26]   Nodal Person Email             0/34123 (0.0%)
[2026-06-12T13:38:26]   Nodal Person Info          19323/34123 (56.6%)
[2026-06-12T13:38:26]   Nodal Person Tele          19164/34123 (56.2%)
[2026-06-12T13:38:26]   Number of Beds (Eco Weaker Sec)      0/34123 (0.0%)
[2026-06-12T13:38:26]   Doctors Available              0/34123 (0.0%)
[2026-06-12T13:38:26]   Private Wards                  0/34123 (0.0%)
[2026-06-12T13:38:26]   Pincode                    21088/34123 (61.8%)
[2026-06-12T13:38:26]   Website                        0/34123 (0.0%)
[2026-06-12T13:38:26]   State                      34123/34123 (100.0%)
[2026-06-12T13:38:26]   Subdistrict                25942/34123 (76.0%)
[2026-06-12T13:38:26]   Town                       34121/34123 (100.0%)
[2026-06-12T13:38:26]   Village                    26851/34123 (78.7%)
[2026-06-12T13:38:26]   Timezone                   34123/34123 (100.0%)
[2026-06-12T13:38:26]   Insurance Companies            0/34123 (0.0%)
[2026-06-12T13:38:26]   Specialities               24472/34123 (71.7%)
[2026-06-12T13:38:26]   Sub -Specialty              3752/34123 (11.0%)
[2026-06-12T13:40:31] ============================================================
[2026-06-12T13:40:31] Enrichment starting
[2026-06-12T13:40:31] Loaded 34123 rows from hospitals.csv
[2026-06-12T13:51:39] ============================================================
[2026-06-12T13:51:39] Enrichment starting
[2026-06-12T13:51:39] Loaded 34123 rows from hospitals.csv
[2026-06-12T14:04:36] Loading cache...
[2026-06-12T14:04:36] Cache: 28000 entries
[2026-06-12T14:04:36] Loading rows...
[2026-06-12T14:04:36] Loaded 34123 rows
[2026-06-12T14:04:36] Applied enrichment to 28000/34123 rows from cache
[2026-06-12T14:04:37] Wrote _hospitals_new.csv and _hospitals_new.json
[2026-06-12T14:04:37]   Sr No                      34123/34123 (100.0%)
[2026-06-12T14:04:37]   Hospital Name              34123/34123 (100.0%)
[2026-06-12T14:04:37]   Hospital ID (UUID)         34123/34123 (100.0%)
[2026-06-12T14:04:37]   Accreditation                  0/34123 (0.0%)
[2026-06-12T14:04:37]   Address                    26855/34123 (78.7%)
[2026-06-12T14:04:37]   Emergency Numbers              0/34123 (0.0%)
[2026-06-12T14:04:37]   Ambulance Phone No             0/34123 (0.0%)
[2026-06-12T14:04:37]   Bloodbank Phone No             0/34123 (0.0%)
[2026-06-12T14:04:37]   Emergency Services             0/34123 (0.0%)
[2026-06-12T14:04:37]   Facilities                     0/34123 (0.0%)
[2026-06-12T14:04:37]   Foreign Pcare                  0/34123 (0.0%)
[2026-06-12T14:04:37]   Helpline                   28563/34123 (83.7%)
[2026-06-12T14:04:37]   Hospital Care Type         34123/34123 (100.0%)
[2026-06-12T14:04:37]   Hospital Category          34123/34123 (100.0%)
[2026-06-12T14:04:37]   Hospital Fax                   0/34123 (0.0%)
[2026-06-12T14:04:37]   Hospital Primary Email     21949/34123 (64.3%)
[2026-06-12T14:04:37]   Hospital Secondary Email       0/34123 (0.0%)
[2026-06-12T14:04:37]   Latitude                   27109/34123 (79.4%)
[2026-06-12T14:04:37]   Longitude                  27108/34123 (79.4%)
[2026-06-12T14:04:37]   Location                   28000/34123 (82.1%)
[2026-06-12T14:04:37]   Miscellaneous Facilities       0/34123 (0.0%)
[2026-06-12T14:04:37]   Mobile Number              28563/34123 (83.7%)
[2026-06-12T14:04:37]   Nodal Person Email         21949/34123 (64.3%)
[2026-06-12T14:04:37]   Nodal Person Info          19323/34123 (56.6%)
[2026-06-12T14:04:37]   Nodal Person Tele          19164/34123 (56.2%)
[2026-06-12T14:04:37]   Number of Beds (Eco Weaker Sec)      0/34123 (0.0%)
[2026-06-12T14:04:37]   Doctors Available              0/34123 (0.0%)
[2026-06-12T14:04:37]   Private Wards                  0/34123 (0.0%)
[2026-06-12T14:04:37]   Pincode                    21088/34123 (61.8%)
[2026-06-12T14:04:37]   Website                        0/34123 (0.0%)
[2026-06-12T14:04:37]   State                      34123/34123 (100.0%)
[2026-06-12T14:04:37]   Subdistrict                25942/34123 (76.0%)
[2026-06-12T14:04:37]   Town                       34121/34123 (100.0%)
[2026-06-12T14:04:37]   Village                    26851/34123 (78.7%)
[2026-06-12T14:04:37]   Timezone                   34123/34123 (100.0%)
[2026-06-12T14:04:37]   Insurance Companies            0/34123 (0.0%)
[2026-06-12T14:04:37]   Specialities               24472/34123 (71.7%)
[2026-06-12T14:04:37]   Sub -Specialty              3752/34123 (11.0%)
[2026-06-12T14:05:37] ============================================================
[2026-06-12T14:05:37] Enrichment starting
[2026-06-12T14:05:37] Loaded 34123 rows from hospitals.csv
[2026-06-12T14:11:09] ============================================================
[2026-06-12T14:11:09] Enrichment starting
[2026-06-12T14:11:09] Loaded 34123 rows from hospitals.csv
[2026-06-12T14:11:09] Cache: 28000 entries
[2026-06-12T14:37:26] Loading cache...
[2026-06-12T14:37:26] Cache: 34123 entries
[2026-06-12T14:37:26] Loading rows...
[2026-06-12T14:37:26] Loaded 34123 rows
[2026-06-12T14:37:26] Applied enrichment to 34123/34123 rows from cache
[2026-06-12T14:37:29] Wrote _hospitals_new.csv and _hospitals_new.json
[2026-06-12T14:37:29]   Sr No                      34123/34123 (100.0%)
[2026-06-12T14:37:29]   Hospital Name              34123/34123 (100.0%)
[2026-06-12T14:37:29]   Hospital ID (UUID)         34123/34123 (100.0%)
[2026-06-12T14:37:29]   Accreditation                  0/34123 (0.0%)
[2026-06-12T14:37:29]   Address                    32974/34123 (96.6%)
[2026-06-12T14:37:29]   Emergency Numbers              0/34123 (0.0%)
[2026-06-12T14:37:29]   Ambulance Phone No             0/34123 (0.0%)
[2026-06-12T14:37:29]   Bloodbank Phone No             0/34123 (0.0%)
[2026-06-12T14:37:29]   Emergency Services             0/34123 (0.0%)
[2026-06-12T14:37:29]   Facilities                     0/34123 (0.0%)
[2026-06-12T14:37:29]   Foreign Pcare                  0/34123 (0.0%)
[2026-06-12T14:37:29]   Helpline                   28563/34123 (83.7%)
[2026-06-12T14:37:29]   Hospital Care Type         34123/34123 (100.0%)
[2026-06-12T14:37:29]   Hospital Category          34123/34123 (100.0%)
[2026-06-12T14:37:29]   Hospital Fax                   0/34123 (0.0%)
[2026-06-12T14:37:29]   Hospital Primary Email     28072/34123 (82.3%)
[2026-06-12T14:37:29]   Hospital Secondary Email       0/34123 (0.0%)
[2026-06-12T14:37:29]   Latitude                   33228/34123 (97.4%)
[2026-06-12T14:37:29]   Longitude                  33227/34123 (97.4%)
[2026-06-12T14:37:29]   Location                   34123/34123 (100.0%)
[2026-06-12T14:37:29]   Miscellaneous Facilities       0/34123 (0.0%)
[2026-06-12T14:37:29]   Mobile Number              28563/34123 (83.7%)
[2026-06-12T14:37:29]   Nodal Person Email         28072/34123 (82.3%)
[2026-06-12T14:37:29]   Nodal Person Info          25442/34123 (74.6%)
[2026-06-12T14:37:29]   Nodal Person Tele          25287/34123 (74.1%)
[2026-06-12T14:37:29]   Number of Beds (Eco Weaker Sec)      0/34123 (0.0%)
[2026-06-12T14:37:29]   Doctors Available              0/34123 (0.0%)
[2026-06-12T14:37:29]   Private Wards                  0/34123 (0.0%)
[2026-06-12T14:37:29]   Pincode                    27198/34123 (79.7%)
[2026-06-12T14:37:29]   Website                        0/34123 (0.0%)
[2026-06-12T14:37:29]   State                      34123/34123 (100.0%)
[2026-06-12T14:37:29]   Subdistrict                31901/34123 (93.5%)
[2026-06-12T14:37:29]   Town                       34121/34123 (100.0%)
[2026-06-12T14:37:29]   Village                    32969/34123 (96.6%)
[2026-06-12T14:37:29]   Timezone                   34123/34123 (100.0%)
[2026-06-12T14:37:29]   Insurance Companies            0/34123 (0.0%)
[2026-06-12T14:37:29]   Specialities               24472/34123 (71.7%)
[2026-06-12T14:37:29]   Sub -Specialty              3752/34123 (11.0%)
[2026-06-12T14:54:37] Loading cache...
[2026-06-17T13:22:34] ============================================================
[2026-06-17T13:22:34] Specialities fetch starting
[2026-06-17T13:22:34] Loaded 91 speciality codes
[2026-06-17T13:22:34] Loaded 34123 rows from hospitals.csv
[2026-06-17T13:22:34] Cache: 0 entries
[2026-06-17T13:22:34] Before: 24472 with specialities, 9651 empty
[2026-06-17T13:22:34] Need to fetch 34123 hospital specialities (already cached 0)
[2026-06-17T13:22:46]   200/34123 fetched, 16.8/s, ETA 34min, 0 errors
[2026-06-17T13:22:58]   400/34123 fetched, 16.4/s, ETA 34min, 0 errors
[2026-06-17T13:23:08]   600/34123 fetched, 17.2/s, ETA 32min, 0 errors
[2026-06-17T13:23:17]   800/34123 fetched, 18.3/s, ETA 30min, 0 errors
[2026-06-17T13:23:26]   1000/34123 fetched, 19.1/s, ETA 29min, 0 errors
[2026-06-17T13:23:36]   1200/34123 fetched, 19.1/s, ETA 29min, 0 errors
[2026-06-17T13:23:46]   1400/34123 fetched, 19.4/s, ETA 28min, 0 errors
[2026-06-17T13:23:55]   1600/34123 fetched, 19.7/s, ETA 28min, 0 errors
[2026-06-17T13:24:04]   1800/34123 fetched, 19.9/s, ETA 27min, 0 errors
[2026-06-17T13:24:21]   2000/34123 fetched, 18.7/s, ETA 29min, 0 errors
[2026-06-17T13:24:40]   2200/34123 fetched, 17.5/s, ETA 30min, 0 errors
[2026-06-17T13:24:59]   2400/34123 fetched, 16.6/s, ETA 32min, 0 errors
[2026-06-17T13:25:16]   2600/34123 fetched, 16.0/s, ETA 33min, 0 errors
[2026-06-17T13:25:34]   2800/34123 fetched, 15.5/s, ETA 34min, 0 errors
[2026-06-17T13:25:54]   3000/34123 fetched, 14.9/s, ETA 35min, 0 errors
[2026-06-17T13:26:16]   3200/34123 fetched, 14.4/s, ETA 36min, 0 errors
[2026-06-17T13:26:35]   3400/34123 fetched, 14.1/s, ETA 36min, 0 errors
[2026-06-17T13:26:53]   3600/34123 fetched, 13.9/s, ETA 37min, 0 errors
[2026-06-17T13:27:12]   3800/34123 fetched, 13.6/s, ETA 37min, 0 errors
[2026-06-17T13:27:30]   4000/34123 fetched, 13.5/s, ETA 37min, 0 errors
[2026-06-17T13:27:48]   4200/34123 fetched, 13.4/s, ETA 37min, 0 errors
[2026-06-17T13:28:06]   4400/34123 fetched, 13.2/s, ETA 37min, 0 errors
[2026-06-17T13:28:25]   4600/34123 fetched, 13.1/s, ETA 38min, 0 errors
[2026-06-17T13:28:43]   4800/34123 fetched, 13.0/s, ETA 38min, 0 errors
[2026-06-17T13:28:55]   5000/34123 fetched, 13.1/s, ETA 37min, 0 errors
[2026-06-17T13:29:04]   5200/34123 fetched, 13.3/s, ETA 36min, 0 errors
[2026-06-17T13:29:12]   5400/34123 fetched, 13.5/s, ETA 35min, 0 errors
[2026-06-17T13:29:21]   5600/34123 fetched, 13.8/s, ETA 35min, 0 errors
[2026-06-17T13:29:29]   5800/34123 fetched, 13.9/s, ETA 34min, 0 errors
[2026-06-17T13:29:38]   6000/34123 fetched, 14.1/s, ETA 33min, 0 errors
[2026-06-17T13:29:46]   6200/34123 fetched, 14.3/s, ETA 32min, 0 errors
[2026-06-17T13:29:55]   6400/34123 fetched, 14.5/s, ETA 32min, 0 errors
[2026-06-17T13:30:04]   6600/34123 fetched, 14.7/s, ETA 31min, 0 errors
[2026-06-17T13:30:13]   6800/34123 fetched, 14.8/s, ETA 31min, 0 errors
[2026-06-17T13:30:22]   7000/34123 fetched, 15.0/s, ETA 30min, 0 errors
[2026-06-17T13:30:31]   7200/34123 fetched, 15.1/s, ETA 30min, 0 errors
[2026-06-17T13:30:39]   7400/34123 fetched, 15.2/s, ETA 29min, 0 errors
[2026-06-17T13:30:48]   7600/34123 fetched, 15.4/s, ETA 29min, 0 errors
[2026-06-17T13:30:57]   7800/34123 fetched, 15.5/s, ETA 28min, 0 errors
[2026-06-17T13:31:06]   8000/34123 fetched, 15.6/s, ETA 28min, 0 errors
[2026-06-17T13:31:15]   8200/34123 fetched, 15.7/s, ETA 27min, 0 errors
[2026-06-17T13:31:24]   8400/34123 fetched, 15.8/s, ETA 27min, 0 errors
[2026-06-17T13:31:34]   8600/34123 fetched, 15.9/s, ETA 27min, 0 errors
[2026-06-17T13:31:44]   8800/34123 fetched, 16.0/s, ETA 26min, 0 errors
[2026-06-17T13:31:53]   9000/34123 fetched, 16.1/s, ETA 26min, 0 errors
[2026-06-17T13:32:03]   9200/34123 fetched, 16.2/s, ETA 26min, 0 errors
[2026-06-17T13:32:14]   9400/34123 fetched, 16.2/s, ETA 25min, 0 errors
[2026-06-17T13:32:24]   9600/34123 fetched, 16.3/s, ETA 25min, 0 errors
[2026-06-17T13:32:35]   9800/34123 fetched, 16.3/s, ETA 25min, 0 errors
[2026-06-17T13:32:45]   10000/34123 fetched, 16.4/s, ETA 25min, 0 errors
[2026-06-17T13:32:54]   10200/34123 fetched, 16.4/s, ETA 24min, 0 errors
[2026-06-17T13:33:03]   10400/34123 fetched, 16.5/s, ETA 24min, 0 errors
[2026-06-17T13:33:13]   10600/34123 fetched, 16.6/s, ETA 24min, 0 errors
[2026-06-17T13:33:23]   10800/34123 fetched, 16.6/s, ETA 23min, 0 errors
[2026-06-17T13:33:33]   11000/34123 fetched, 16.7/s, ETA 23min, 0 errors
[2026-06-17T13:33:47]   11200/34123 fetched, 16.6/s, ETA 23min, 0 errors
[2026-06-17T13:34:02]   11400/34123 fetched, 16.6/s, ETA 23min, 0 errors
[2026-06-17T13:34:19]   11600/34123 fetched, 16.4/s, ETA 23min, 0 errors
[2026-06-17T13:34:36]   11800/34123 fetched, 16.3/s, ETA 23min, 0 errors
[2026-06-17T13:34:46]   12000/34123 fetched, 16.4/s, ETA 23min, 0 errors
[2026-06-17T13:34:55]   12200/34123 fetched, 16.5/s, ETA 22min, 0 errors
[2026-06-17T13:35:05]   12400/34123 fetched, 16.5/s, ETA 22min, 0 errors
[2026-06-17T13:35:14]   12600/34123 fetched, 16.6/s, ETA 22min, 0 errors
[2026-06-17T13:35:24]   12800/34123 fetched, 16.6/s, ETA 21min, 0 errors
[2026-06-17T13:35:34]   13000/34123 fetched, 16.7/s, ETA 21min, 0 errors
[2026-06-17T13:35:44]   13200/34123 fetched, 16.7/s, ETA 21min, 0 errors
[2026-06-17T13:35:53]   13400/34123 fetched, 16.8/s, ETA 21min, 0 errors
[2026-06-17T13:36:04]   13600/34123 fetched, 16.8/s, ETA 20min, 0 errors
[2026-06-17T13:36:21]   13800/34123 fetched, 16.7/s, ETA 20min, 0 errors
[2026-06-17T13:36:40]   14000/34123 fetched, 16.5/s, ETA 20min, 0 errors
[2026-06-17T13:36:57]   14200/34123 fetched, 16.4/s, ETA 20min, 0 errors
[2026-06-17T13:37:10]   14400/34123 fetched, 16.4/s, ETA 20min, 0 errors
[2026-06-17T13:37:19]   14600/34123 fetched, 16.5/s, ETA 20min, 0 errors
[2026-06-17T13:37:30]   14800/34123 fetched, 16.5/s, ETA 19min, 0 errors
[2026-06-17T13:37:41]   15000/34123 fetched, 16.5/s, ETA 19min, 0 errors
[2026-06-17T13:37:54]   15200/34123 fetched, 16.5/s, ETA 19min, 0 errors
[2026-06-17T13:38:06]   15400/34123 fetched, 16.5/s, ETA 19min, 0 errors
[2026-06-17T13:38:16]   15600/34123 fetched, 16.6/s, ETA 19min, 0 errors
[2026-06-17T13:38:28]   15800/34123 fetched, 16.6/s, ETA 18min, 0 errors
[2026-06-17T13:38:40]   16000/34123 fetched, 16.6/s, ETA 18min, 0 errors
[2026-06-17T13:38:50]   16200/34123 fetched, 16.6/s, ETA 18min, 0 errors
[2026-06-17T13:39:01]   16400/34123 fetched, 16.6/s, ETA 18min, 0 errors
[2026-06-17T13:39:13]   16600/34123 fetched, 16.6/s, ETA 18min, 0 errors
[2026-06-17T13:39:24]   16800/34123 fetched, 16.6/s, ETA 17min, 0 errors
[2026-06-17T13:39:35]   17000/34123 fetched, 16.7/s, ETA 17min, 0 errors
[2026-06-17T13:39:45]   17200/34123 fetched, 16.7/s, ETA 17min, 0 errors
[2026-06-17T13:39:54]   17400/34123 fetched, 16.7/s, ETA 17min, 0 errors
[2026-06-17T13:40:05]   17600/34123 fetched, 16.7/s, ETA 16min, 0 errors
[2026-06-17T13:40:15]   17800/34123 fetched, 16.8/s, ETA 16min, 0 errors
[2026-06-17T13:40:24]   18000/34123 fetched, 16.8/s, ETA 16min, 0 errors
[2026-06-17T13:40:34]   18200/34123 fetched, 16.8/s, ETA 16min, 0 errors
[2026-06-17T13:40:43]   18400/34123 fetched, 16.9/s, ETA 16min, 0 errors
[2026-06-17T13:40:52]   18600/34123 fetched, 16.9/s, ETA 15min, 0 errors
[2026-06-17T13:41:02]   18800/34123 fetched, 17.0/s, ETA 15min, 0 errors
[2026-06-17T13:41:10]   19000/34123 fetched, 17.0/s, ETA 15min, 0 errors
[2026-06-17T13:41:19]   19200/34123 fetched, 17.1/s, ETA 15min, 0 errors
[2026-06-17T13:41:30]   19400/34123 fetched, 17.1/s, ETA 14min, 0 errors
[2026-06-17T13:41:40]   19600/34123 fetched, 17.1/s, ETA 14min, 0 errors
[2026-06-17T13:41:50]   19800/34123 fetched, 17.1/s, ETA 14min, 0 errors
[2026-06-17T13:41:59]   20000/34123 fetched, 17.2/s, ETA 14min, 0 errors
[2026-06-17T13:42:09]   20200/34123 fetched, 17.2/s, ETA 14min, 0 errors
[2026-06-17T13:42:20]   20400/34123 fetched, 17.2/s, ETA 13min, 0 errors
[2026-06-17T13:42:30]   20600/34123 fetched, 17.2/s, ETA 13min, 0 errors
[2026-06-17T13:42:40]   20800/34123 fetched, 17.2/s, ETA 13min, 0 errors
[2026-06-17T13:42:49]   21000/34123 fetched, 17.3/s, ETA 13min, 0 errors
[2026-06-17T13:42:58]   21200/34123 fetched, 17.3/s, ETA 12min, 0 errors
[2026-06-17T13:43:08]   21400/34123 fetched, 17.3/s, ETA 12min, 0 errors
[2026-06-17T13:43:17]   21600/34123 fetched, 17.4/s, ETA 12min, 0 errors
[2026-06-17T13:43:27]   21800/34123 fetched, 17.4/s, ETA 12min, 0 errors
[2026-06-17T13:43:37]   22000/34123 fetched, 17.4/s, ETA 12min, 0 errors
[2026-06-17T13:43:47]   22200/34123 fetched, 17.4/s, ETA 11min, 0 errors
[2026-06-17T13:43:57]   22400/34123 fetched, 17.5/s, ETA 11min, 0 errors
[2026-06-17T13:44:07]   22600/34123 fetched, 17.5/s, ETA 11min, 0 errors
[2026-06-17T13:44:17]   22800/34123 fetched, 17.5/s, ETA 11min, 0 errors
[2026-06-17T13:44:28]   23000/34123 fetched, 17.5/s, ETA 11min, 0 errors
[2026-06-17T13:44:39]   23200/34123 fetched, 17.5/s, ETA 10min, 0 errors
[2026-06-17T13:44:49]   23400/34123 fetched, 17.5/s, ETA 10min, 0 errors
[2026-06-17T13:44:58]   23600/34123 fetched, 17.5/s, ETA 10min, 0 errors
[2026-06-17T13:45:09]   23800/34123 fetched, 17.6/s, ETA 10min, 0 errors
[2026-06-17T13:45:20]   24000/34123 fetched, 17.6/s, ETA 10min, 0 errors
[2026-06-17T13:45:29]   24200/34123 fetched, 17.6/s, ETA 9min, 0 errors
[2026-06-17T13:45:41]   24400/34123 fetched, 17.6/s, ETA 9min, 0 errors
[2026-06-17T13:45:52]   24600/34123 fetched, 17.6/s, ETA 9min, 0 errors
[2026-06-17T13:46:02]   24800/34123 fetched, 17.6/s, ETA 9min, 0 errors
[2026-06-17T13:46:12]   25000/34123 fetched, 17.6/s, ETA 9min, 0 errors
[2026-06-17T13:46:22]   25200/34123 fetched, 17.6/s, ETA 8min, 0 errors
[2026-06-17T13:46:33]   25400/34123 fetched, 17.6/s, ETA 8min, 0 errors
[2026-06-17T13:46:43]   25600/34123 fetched, 17.7/s, ETA 8min, 0 errors
[2026-06-17T13:46:53]   25800/34123 fetched, 17.7/s, ETA 8min, 0 errors
[2026-06-17T13:47:05]   26000/34123 fetched, 17.7/s, ETA 8min, 0 errors
[2026-06-17T13:47:17]   26200/34123 fetched, 17.7/s, ETA 7min, 0 errors
[2026-06-17T13:47:28]   26400/34123 fetched, 17.7/s, ETA 7min, 0 errors
[2026-06-17T13:47:39]   26600/34123 fetched, 17.7/s, ETA 7min, 0 errors
[2026-06-17T13:47:49]   26800/34123 fetched, 17.7/s, ETA 7min, 0 errors
[2026-06-17T13:48:00]   27000/34123 fetched, 17.7/s, ETA 7min, 0 errors
[2026-06-17T13:48:17]   27200/34123 fetched, 17.6/s, ETA 7min, 0 errors
[2026-06-17T13:48:35]   27400/34123 fetched, 17.6/s, ETA 6min, 0 errors
[2026-06-17T13:48:56]   27600/34123 fetched, 17.4/s, ETA 6min, 0 errors
[2026-06-17T13:49:16]   27800/34123 fetched, 17.3/s, ETA 6min, 0 errors
[2026-06-17T13:49:36]   28000/34123 fetched, 17.3/s, ETA 6min, 0 errors
[2026-06-17T13:49:56]   28200/34123 fetched, 17.2/s, ETA 6min, 0 errors
[2026-06-17T13:50:14]   28400/34123 fetched, 17.1/s, ETA 6min, 0 errors
[2026-06-17T13:50:32]   28600/34123 fetched, 17.0/s, ETA 5min, 0 errors
[2026-06-17T13:50:56]   28800/34123 fetched, 16.9/s, ETA 5min, 0 errors
[2026-06-17T13:51:16]   29000/34123 fetched, 16.8/s, ETA 5min, 0 errors
[2026-06-17T13:51:33]   29200/34123 fetched, 16.8/s, ETA 5min, 0 errors
[2026-06-17T13:51:51]   29400/34123 fetched, 16.7/s, ETA 5min, 0 errors
[2026-06-17T13:52:10]   29600/34123 fetched, 16.7/s, ETA 5min, 0 errors
[2026-06-17T13:52:18]   29800/34123 fetched, 16.7/s, ETA 4min, 0 errors
[2026-06-17T13:52:34]   30000/34123 fetched, 16.7/s, ETA 4min, 0 errors
[2026-06-17T13:52:53]   30200/34123 fetched, 16.6/s, ETA 4min, 0 errors
[2026-06-17T13:53:24]   30400/34123 fetched, 16.4/s, ETA 4min, 0 errors
[2026-06-17T13:54:04]   30600/34123 fetched, 16.2/s, ETA 4min, 0 errors
[2026-06-17T13:54:30]   30800/34123 fetched, 16.1/s, ETA 3min, 0 errors
[2026-06-17T13:54:49]   31000/34123 fetched, 16.0/s, ETA 3min, 0 errors
[2026-06-17T13:55:05]   31200/34123 fetched, 16.0/s, ETA 3min, 0 errors
[2026-06-17T13:55:23]   31400/34123 fetched, 15.9/s, ETA 3min, 0 errors
[2026-06-17T13:55:39]   31600/34123 fetched, 15.9/s, ETA 3min, 0 errors
[2026-06-17T13:55:56]   31800/34123 fetched, 15.9/s, ETA 2min, 0 errors
[2026-06-17T13:56:12]   32000/34123 fetched, 15.9/s, ETA 2min, 0 errors
[2026-06-17T13:56:28]   32200/34123 fetched, 15.8/s, ETA 2min, 0 errors
[2026-06-17T13:56:45]   32400/34123 fetched, 15.8/s, ETA 2min, 0 errors
[2026-06-17T13:57:01]   32600/34123 fetched, 15.8/s, ETA 2min, 0 errors
[2026-06-17T13:57:19]   32800/34123 fetched, 15.7/s, ETA 1min, 0 errors
[2026-06-17T13:57:35]   33000/34123 fetched, 15.7/s, ETA 1min, 0 errors
[2026-06-17T13:57:51]   33200/34123 fetched, 15.7/s, ETA 1min, 0 errors
[2026-06-17T13:58:08]   33400/34123 fetched, 15.7/s, ETA 1min, 0 errors
[2026-06-17T13:58:27]   33600/34123 fetched, 15.6/s, ETA 1min, 0 errors
[2026-06-17T13:58:45]   33800/34123 fetched, 15.6/s, ETA 0min, 0 errors
[2026-06-17T13:59:02]   34000/34123 fetched, 15.5/s, ETA 0min, 0 errors
[2026-06-17T13:59:12] Fetch phase done in 36.6min. 34123 fetched, 0 errors
[2026-06-17T13:59:12] Applied 16924 rows (192 recovered from empty, 16732 updated with newer data)
[2026-06-17T13:59:12] Wrote hospitals.csv
[2026-06-17T13:59:12] Wrote hospitals.json
[2026-06-17T13:59:12] After:  24664 with specialities, 9459 empty
[2026-06-17T13:59:12] Recovered 192 previously-empty rows, updated 16732 with newer data
[2026-06-17T13:59:12] Specialities coverage: 72.3%
[2026-06-19T11:14:26] [fast-spec] === START (workers=10, batch=200, limit=20, dry=True) ===
[2026-06-19T11:14:26] [fast-spec] Bootstrapping session cookie from /Search/ …
[2026-06-19T11:14:26] [fast-spec] FATAL: 502 Server Error: Connection refused for url: http://hospitals.pmjay.gov.in/Search/
[2026-06-19T11:14:35] [fast-spec] === START (workers=10, batch=200, limit=20, dry=True) ===
[2026-06-19T11:14:35] [fast-spec] Bootstrapping session cookie from /Search/ …
[2026-06-19T11:14:35] [fast-spec]   cookies acquired: ['APP_encrypted', 'TS014ff2a1', 'JSESSIONID', 'TS01603562']
[2026-06-19T11:14:35] [fast-spec]   sanity GET size=33994 checked-hosp=2
[2026-06-19T11:14:36] [fast-spec] Loaded 34123 rows from hospitals.csv
[2026-06-19T11:14:36] [fast-spec] Progress cache: 34123 entries (23197 non-empty)
[2026-06-19T11:14:36] [fast-spec] Loaded 91 speciality codes
[2026-06-19T11:14:36] [fast-spec] Hospitals to fetch: 9459
[2026-06-19T11:14:36] [fast-spec]   limited to 20 (--limit)
[2026-06-19T11:14:37] [fast-spec]   20/20 done  ok=0 empty=10926 forbidden=0 errors=0  14.1/s  ETA 0 min
[2026-06-19T11:14:37] [fast-spec] Fetch phase done in 0.0 min. ok=0 forbidden=0 errors=0
[2026-06-19T11:14:37] [fast-spec] Dry-run — not writing hospitals.csv/json.
[2026-06-19T11:16:41] [fast-spec] === START (workers=15, batch=200, limit=0, dry=True) ===
[2026-06-19T11:16:41] [fast-spec] Bootstrapping session cookie from /Search/ …
[2026-06-19T11:16:42] [fast-spec]   cookies acquired: ['APP_encrypted', 'TS014ff2a1', 'JSESSIONID', 'TS01603562']
[2026-06-19T11:16:42] [fast-spec]   sanity GET size=33994 checked-hosp=2
[2026-06-19T11:16:42] [fast-spec] Loaded 34123 rows from hospitals.csv
[2026-06-19T11:16:42] [fast-spec] Progress cache: 34123 entries (23197 non-empty)
[2026-06-19T11:16:42] [fast-spec] Loaded 91 speciality codes
[2026-06-19T11:16:42] [fast-spec] Hospitals to fetch: 9459
[2026-06-19T11:16:50] [fast-spec]   200/9459 done  ok=0 empty=10926 forbidden=0 errors=0  26.8/s  ETA 6 min
[2026-06-19T11:16:56] [fast-spec]   400/9459 done  ok=0 empty=10926 forbidden=0 errors=0  29.3/s  ETA 5 min
[2026-06-19T11:17:02] [fast-spec]   600/9459 done  ok=0 empty=10926 forbidden=0 errors=0  30.4/s  ETA 5 min
[2026-06-19T11:17:08] [fast-spec]   800/9459 done  ok=0 empty=10926 forbidden=0 errors=0  30.8/s  ETA 5 min
[2026-06-19T11:17:14] [fast-spec]   1000/9459 done  ok=0 empty=10926 forbidden=0 errors=0  31.0/s  ETA 5 min
[2026-06-19T11:17:21] [fast-spec]   1200/9459 done  ok=0 empty=10926 forbidden=0 errors=0  31.2/s  ETA 4 min
[2026-06-19T11:17:26] [fast-spec]   1400/9459 done  ok=0 empty=10926 forbidden=0 errors=0  31.6/s  ETA 4 min
[2026-06-19T11:17:32] [fast-spec]   1600/9459 done  ok=0 empty=10926 forbidden=0 errors=0  31.8/s  ETA 4 min
[2026-06-19T11:17:39] [fast-spec]   1800/9459 done  ok=0 empty=10926 forbidden=0 errors=0  31.8/s  ETA 4 min
[2026-06-19T11:17:52] [fast-spec]   2000/9459 done  ok=0 empty=10926 forbidden=0 errors=0  28.5/s  ETA 4 min
[2026-06-19T11:18:08] [fast-spec]   2200/9459 done  ok=0 empty=10926 forbidden=0 errors=0  25.5/s  ETA 5 min
[2026-06-19T11:18:26] [fast-spec]   2400/9459 done  ok=0 empty=10926 forbidden=0 errors=0  23.0/s  ETA 5 min
[2026-06-19T11:18:46] [fast-spec] === START (workers=8, batch=200, limit=0, dry=True) ===
[2026-06-19T11:18:46] [fast-spec] Bootstrapping session cookie from /Search/ …
[2026-06-19T11:18:46] [fast-spec]   cookies acquired: ['APP_encrypted', 'TS014ff2a1', 'JSESSIONID', 'TS01603562']
[2026-06-19T11:18:46] [fast-spec]   sanity GET size=33994 checked-hosp=2
[2026-06-19T11:18:46] [fast-spec] Loaded 34123 rows from hospitals.csv
[2026-06-19T11:18:46] [fast-spec] Progress cache: 34123 entries (23197 non-empty)
[2026-06-19T11:18:46] [fast-spec] Loaded 91 speciality codes
[2026-06-19T11:18:46] [fast-spec] Hospitals to fetch: 9459
[2026-06-19T11:18:57] [fast-spec]   200/9459 done  ok=0 empty=10926 forbidden=0 errors=0  19.1/s  ETA 8 min
[2026-06-19T11:19:07] [fast-spec]   400/9459 done  ok=0 empty=10926 forbidden=0 errors=0  19.6/s  ETA 8 min
[2026-06-19T11:19:17] [fast-spec]   600/9459 done  ok=0 empty=10926 forbidden=0 errors=0  19.7/s  ETA 7 min
[2026-06-19T11:19:27] [fast-spec]   800/9459 done  ok=0 empty=10926 forbidden=0 errors=0  19.8/s  ETA 7 min
[2026-06-19T11:19:36] [fast-spec]   1000/9459 done  ok=0 empty=10926 forbidden=0 errors=0  20.1/s  ETA 7 min
[2026-06-19T11:19:47] [fast-spec]   1200/9459 done  ok=0 empty=10926 forbidden=0 errors=0  19.8/s  ETA 7 min
[2026-06-19T11:19:56] [fast-spec]   1400/9459 done  ok=0 empty=10926 forbidden=0 errors=1  19.9/s  ETA 7 min
[2026-06-19T11:20:06] [fast-spec]   1600/9459 done  ok=0 empty=10926 forbidden=0 errors=1  20.0/s  ETA 7 min
[2026-06-19T11:20:16] [fast-spec]   1800/9459 done  ok=0 empty=10926 forbidden=0 errors=1  20.1/s  ETA 6 min
[2026-06-19T11:20:31] [fast-spec]   2000/9459 done  ok=0 empty=10926 forbidden=0 errors=1  19.0/s  ETA 7 min
[2026-06-19T11:20:49] [fast-spec]   2200/9459 done  ok=0 empty=10926 forbidden=0 errors=1  17.9/s  ETA 7 min
[2026-06-19T11:21:07] [fast-spec]   2400/9459 done  ok=0 empty=10926 forbidden=0 errors=1  17.0/s  ETA 7 min
[2026-06-19T11:21:25] [fast-spec]   2600/9459 done  ok=0 empty=10926 forbidden=0 errors=1  16.4/s  ETA 7 min
[2026-06-19T11:21:42] [fast-spec]   2800/9459 done  ok=0 empty=10926 forbidden=0 errors=1  16.0/s  ETA 7 min
[2026-06-19T11:22:00] [fast-spec]   3000/9459 done  ok=0 empty=10926 forbidden=0 errors=1  15.5/s  ETA 7 min
[2026-06-19T11:22:18] [fast-spec]   3200/9459 done  ok=0 empty=10926 forbidden=0 errors=1  15.1/s  ETA 7 min
[2026-06-19T11:22:38] [fast-spec]   3400/9459 done  ok=0 empty=10926 forbidden=0 errors=1  14.7/s  ETA 7 min
[2026-06-19T11:22:56] [fast-spec]   3600/9459 done  ok=0 empty=10926 forbidden=0 errors=1  14.4/s  ETA 7 min
[2026-06-19T11:23:13] [fast-spec]   3800/9459 done  ok=0 empty=10926 forbidden=0 errors=1  14.2/s  ETA 7 min
[2026-06-19T11:23:30] [fast-spec]   4000/9459 done  ok=0 empty=10926 forbidden=0 errors=1  14.1/s  ETA 6 min
[2026-06-19T11:23:48] [fast-spec]   4200/9459 done  ok=0 empty=10926 forbidden=0 errors=1  13.9/s  ETA 6 min
[2026-06-19T11:24:06] [fast-spec]   4400/9459 done  ok=0 empty=10926 forbidden=0 errors=1  13.8/s  ETA 6 min
[2026-06-19T11:24:25] [fast-spec]   4600/9459 done  ok=0 empty=10926 forbidden=0 errors=1  13.6/s  ETA 6 min
[2026-06-19T11:24:43] [fast-spec]   4800/9459 done  ok=0 empty=10926 forbidden=0 errors=1  13.5/s  ETA 6 min
[2026-06-19T11:24:55] [fast-spec]   5000/9459 done  ok=0 empty=10926 forbidden=0 errors=1  13.6/s  ETA 5 min
[2026-06-19T11:25:05] [fast-spec]   5200/9459 done  ok=0 empty=10926 forbidden=0 errors=1  13.7/s  ETA 5 min
[2026-06-19T11:25:15] [fast-spec]   5400/9459 done  ok=0 empty=10926 forbidden=0 errors=1  13.9/s  ETA 5 min
[2026-06-19T11:25:25] [fast-spec]   5600/9459 done  ok=0 empty=10926 forbidden=0 errors=1  14.0/s  ETA 5 min
[2026-06-19T11:25:35] [fast-spec]   5800/9459 done  ok=0 empty=10926 forbidden=0 errors=1  14.2/s  ETA 4 min
[2026-06-19T11:25:44] [fast-spec]   6000/9459 done  ok=0 empty=10926 forbidden=0 errors=1  14.4/s  ETA 4 min
[2026-06-19T11:25:55] [fast-spec]   6200/9459 done  ok=0 empty=10926 forbidden=0 errors=1  14.5/s  ETA 4 min
[2026-06-19T11:26:07] [fast-spec]   6400/9459 done  ok=0 empty=10926 forbidden=0 errors=1  14.5/s  ETA 4 min
[2026-06-19T11:26:19] [fast-spec]   6600/9459 done  ok=0 empty=10926 forbidden=0 errors=1  14.6/s  ETA 3 min
[2026-06-19T11:26:30] [fast-spec]   6800/9459 done  ok=0 empty=10926 forbidden=0 errors=1  14.7/s  ETA 3 min
[2026-06-19T11:26:41] [fast-spec]   7000/9459 done  ok=0 empty=10926 forbidden=0 errors=1  14.8/s  ETA 3 min
[2026-06-19T11:26:51] [fast-spec]   7200/9459 done  ok=0 empty=10926 forbidden=0 errors=1  14.9/s  ETA 3 min
[2026-06-19T11:27:01] [fast-spec]   7400/9459 done  ok=0 empty=10926 forbidden=0 errors=1  15.0/s  ETA 2 min
[2026-06-19T11:27:11] [fast-spec]   7600/9459 done  ok=0 empty=10926 forbidden=0 errors=1  15.0/s  ETA 2 min
[2026-06-19T11:27:22] [fast-spec]   7800/9459 done  ok=0 empty=10926 forbidden=0 errors=2  15.1/s  ETA 2 min
[2026-06-19T11:27:32] [fast-spec]   8000/9459 done  ok=0 empty=10926 forbidden=0 errors=2  15.2/s  ETA 2 min
[2026-06-19T11:27:43] [fast-spec]   8200/9459 done  ok=0 empty=10926 forbidden=0 errors=2  15.3/s  ETA 1 min
[2026-06-19T11:27:54] [fast-spec]   8400/9459 done  ok=0 empty=10926 forbidden=0 errors=2  15.3/s  ETA 1 min
[2026-06-19T11:28:06] [fast-spec]   8600/9459 done  ok=0 empty=10926 forbidden=0 errors=2  15.4/s  ETA 1 min
[2026-06-19T11:28:20] [fast-spec]   8800/9459 done  ok=0 empty=10926 forbidden=0 errors=2  15.3/s  ETA 1 min
[2026-06-19T11:28:32] [fast-spec]   9000/9459 done  ok=0 empty=10926 forbidden=0 errors=2  15.4/s  ETA 0 min
[2026-06-19T11:28:44] [fast-spec]   9200/9459 done  ok=0 empty=10926 forbidden=0 errors=2  15.4/s  ETA 0 min
[2026-06-19T11:28:58] [fast-spec] === START (workers=8, batch=200, limit=0, dry=True) ===
[2026-06-19T11:28:58] [fast-spec] Bootstrapping session cookie from /Search/ …
[2026-06-19T11:28:58] [fast-spec]   cookies acquired: ['APP_encrypted', 'TS014ff2a1', 'JSESSIONID', 'TS01603562']
[2026-06-19T11:28:59] [fast-spec]   sanity GET size=33994 checked-hosp=2
[2026-06-19T11:28:59] [fast-spec] Loaded 34123 rows from hospitals.csv
[2026-06-19T11:28:59] [fast-spec] Progress cache: 34123 entries (23197 non-empty)
[2026-06-19T11:28:59] [fast-spec] Loaded 91 speciality codes
[2026-06-19T11:28:59] [fast-spec] Hospitals to fetch: 9459
[2026-06-19T11:29:10] [fast-spec]   200/9459 done  ok=0 empty=10926 forbidden=0 errors=0  17.4/s  ETA 9 min
[2026-06-19T11:29:22] [fast-spec]   400/9459 done  ok=0 empty=10926 forbidden=0 errors=0  17.0/s  ETA 9 min
[2026-06-19T11:29:35] [fast-spec]   600/9459 done  ok=0 empty=10926 forbidden=0 errors=0  16.6/s  ETA 9 min
[2026-06-19T11:29:48] [fast-spec]   800/9459 done  ok=0 empty=10926 forbidden=0 errors=0  16.4/s  ETA 9 min
[2026-06-19T11:30:00] [fast-spec]   1000/9459 done  ok=0 empty=10926 forbidden=0 errors=0  16.3/s  ETA 9 min
[2026-06-19T11:30:12] [fast-spec]   1200/9459 done  ok=0 empty=10926 forbidden=0 errors=0  16.3/s  ETA 8 min
[2026-06-19T11:30:21] [fast-spec]   1400/9459 done  ok=0 empty=10926 forbidden=0 errors=0  16.9/s  ETA 8 min
[2026-06-19T11:30:31] [fast-spec]   1600/9459 done  ok=0 empty=10926 forbidden=0 errors=0  17.4/s  ETA 8 min
[2026-06-19T11:30:40] [fast-spec]   1800/9459 done  ok=0 empty=10926 forbidden=0 errors=0  17.7/s  ETA 7 min
[2026-06-19T11:30:55] [fast-spec]   2000/9459 done  ok=0 empty=10926 forbidden=0 errors=0  17.1/s  ETA 7 min
[2026-06-19T11:31:13] [fast-spec]   2200/9459 done  ok=0 empty=10926 forbidden=0 errors=0  16.3/s  ETA 7 min
[2026-06-19T11:31:30] [fast-spec]   2400/9459 done  ok=0 empty=10926 forbidden=0 errors=0  15.8/s  ETA 7 min
[2026-06-19T11:31:48] [fast-spec]   2600/9459 done  ok=0 empty=10926 forbidden=0 errors=0  15.3/s  ETA 7 min
[2026-06-19T11:32:06] [fast-spec]   2800/9459 done  ok=0 empty=10926 forbidden=0 errors=0  15.0/s  ETA 7 min
[2026-06-19T11:32:24] [fast-spec]   3000/9459 done  ok=0 empty=10926 forbidden=0 errors=0  14.6/s  ETA 7 min
[2026-06-19T11:32:42] [fast-spec]   3200/9459 done  ok=0 empty=10926 forbidden=0 errors=0  14.3/s  ETA 7 min
[2026-06-19T11:33:00] [fast-spec]   3400/9459 done  ok=0 empty=10926 forbidden=0 errors=0  14.1/s  ETA 7 min
[2026-06-19T11:33:18] [fast-spec]   3600/9459 done  ok=0 empty=10926 forbidden=0 errors=0  13.9/s  ETA 7 min
[2026-06-19T11:33:36] [fast-spec]   3800/9459 done  ok=0 empty=10926 forbidden=0 errors=0  13.7/s  ETA 7 min
[2026-06-19T11:33:54] [fast-spec]   4000/9459 done  ok=0 empty=10926 forbidden=0 errors=0  13.6/s  ETA 7 min
[2026-06-19T11:34:11] [fast-spec]   4200/9459 done  ok=0 empty=10926 forbidden=0 errors=0  13.4/s  ETA 7 min
[2026-06-19T11:34:29] [fast-spec]   4400/9459 done  ok=0 empty=10926 forbidden=0 errors=0  13.3/s  ETA 6 min
[2026-06-19T11:34:48] [fast-spec]   4600/9459 done  ok=0 empty=10926 forbidden=0 errors=0  13.2/s  ETA 6 min
[2026-06-19T11:35:05] [fast-spec]   4800/9459 done  ok=0 empty=10926 forbidden=0 errors=0  13.1/s  ETA 6 min
[2026-06-19T11:35:16] [fast-spec]   5000/9459 done  ok=0 empty=10926 forbidden=0 errors=0  13.2/s  ETA 6 min
[2026-06-19T11:35:26] [fast-spec]   5200/9459 done  ok=0 empty=10926 forbidden=0 errors=0  13.4/s  ETA 5 min
[2026-06-19T11:35:35] [fast-spec]   5400/9459 done  ok=0 empty=10926 forbidden=0 errors=0  13.6/s  ETA 5 min
[2026-06-19T11:35:44] [fast-spec]   5600/9459 done  ok=0 empty=10926 forbidden=0 errors=0  13.8/s  ETA 5 min
[2026-06-19T11:35:53] [fast-spec]   5800/9459 done  ok=0 empty=10926 forbidden=0 errors=0  14.0/s  ETA 4 min
[2026-06-19T11:36:02] [fast-spec]   6000/9459 done  ok=0 empty=10926 forbidden=0 errors=0  14.2/s  ETA 4 min
[2026-06-19T11:36:12] [fast-spec]   6200/9459 done  ok=0 empty=10926 forbidden=0 errors=0  14.3/s  ETA 4 min
[2026-06-19T11:36:22] [fast-spec]   6400/9459 done  ok=0 empty=10926 forbidden=0 errors=0  14.4/s  ETA 4 min
[2026-06-19T11:36:31] [fast-spec]   6600/9459 done  ok=0 empty=10926 forbidden=0 errors=0  14.6/s  ETA 3 min
[2026-06-19T11:36:41] [fast-spec]   6800/9459 done  ok=0 empty=10926 forbidden=0 errors=0  14.7/s  ETA 3 min
[2026-06-19T11:36:50] [fast-spec]   7000/9459 done  ok=0 empty=10926 forbidden=0 errors=0  14.9/s  ETA 3 min
[2026-06-19T11:37:00] [fast-spec]   7200/9459 done  ok=0 empty=10926 forbidden=0 errors=0  15.0/s  ETA 3 min
[2026-06-19T11:37:09] [fast-spec]   7400/9459 done  ok=0 empty=10926 forbidden=0 errors=0  15.1/s  ETA 2 min
[2026-06-19T11:37:18] [fast-spec]   7600/9459 done  ok=0 empty=10926 forbidden=0 errors=0  15.2/s  ETA 2 min
[2026-06-19T11:37:28] [fast-spec]   7800/9459 done  ok=0 empty=10926 forbidden=0 errors=0  15.3/s  ETA 2 min
[2026-06-19T11:37:37] [fast-spec]   8000/9459 done  ok=0 empty=10926 forbidden=0 errors=0  15.4/s  ETA 2 min
[2026-06-19T11:37:45] [fast-spec]   8200/9459 done  ok=0 empty=10926 forbidden=0 errors=0  15.6/s  ETA 1 min
[2026-06-19T11:37:54] [fast-spec]   8400/9459 done  ok=0 empty=10926 forbidden=0 errors=0  15.7/s  ETA 1 min
[2026-06-19T11:38:03] [fast-spec]   8600/9459 done  ok=0 empty=10926 forbidden=0 errors=0  15.8/s  ETA 1 min
[2026-06-19T11:38:14] [fast-spec]   8800/9459 done  ok=0 empty=10926 forbidden=0 errors=0  15.9/s  ETA 1 min
[2026-06-19T11:38:23] [fast-spec]   9000/9459 done  ok=0 empty=10926 forbidden=0 errors=0  16.0/s  ETA 0 min
[2026-06-19T11:38:32] [fast-spec]   9200/9459 done  ok=0 empty=10926 forbidden=0 errors=0  16.1/s  ETA 0 min
[2026-06-19T11:38:41] [fast-spec]   9400/9459 done  ok=0 empty=10926 forbidden=11 errors=0  16.1/s  ETA 0 min
[2026-06-19T11:38:44] [fast-spec]   9459/9459 done  ok=0 empty=10926 forbidden=11 errors=0  16.2/s  ETA 0 min
[2026-06-19T11:38:44] [fast-spec] Fetch phase done in 9.8 min. ok=0 forbidden=11 errors=0
[2026-06-19T11:38:44] [fast-spec] Dry-run — not writing hospitals.csv/json.
[2026-06-19T11:48:43] [hem]   POST https://apisprod.nha.gov.in/pmjay/prodhem/hem/external/hospital/list -> 400 attempt 1
[2026-06-19T11:48:45] [hem]   POST https://apisprod.nha.gov.in/pmjay/prodhem/hem/external/hospital/list -> 400 attempt 2
[2026-06-19T11:48:49] [hem]   POST https://apisprod.nha.gov.in/pmjay/prodhem/hem/external/hospital/list -> 400 attempt 3
[2026-06-19T11:48:55] [hem]   POST https://apisprod.nha.gov.in/pmjay/prodhem/hem/external/hospital/list -> 400 attempt 4
[2026-06-19T11:51:31] [hem] ============================================================
[2026-06-19T11:51:31] [hem] HEM hospital scraper starting
[2026-06-19T11:51:31] [hem] Fetching state list ...
[2026-06-19T11:51:31] [hem]   44 states (incl. CAPF/CGHS)
[2026-06-19T11:51:31] [hem] Fetching specialities ...
[2026-06-19T11:51:31] [hem]   74 active specialities
[2026-06-19T11:51:31] [hem] Fetching state-wise counts ...
[2026-06-19T11:51:32] [hem]   36 state counts
[2026-06-19T11:51:32] [hem] Real state codes: ['1', '2', '3', '4', '5', '6', '7', '8', '9', '10', '11', '12', '13', '14', '15', '16', '17', '18', '19', '20', '21', '22', '23', '24', '27', '28', '29', '30', '31', '32', '33', '34', '35', '36', '37', '38', '88', '89', '95', '96', '97', '99']
[2026-06-19T11:51:32] [hem] Fetching all hospitals (no type filter) ...
[2026-06-19T11:51:34] [hem]   starting pagination: 37608 hospitals across 1254 pages
[2026-06-19T11:53:29] [hem]     page 50/1254, got 1470 so far
[2026-06-19T11:55:26] [hem] ============================================================
[2026-06-19T11:55:26] [hem] HEM hospital scraper starting
[2026-06-19T11:55:26] [hem] Fetching state list ...
[2026-06-19T11:55:26] [hem]   44 states (incl. CAPF/CGHS)
[2026-06-19T11:55:26] [hem] Fetching specialities ...
[2026-06-19T11:55:26] [hem]   74 active specialities
[2026-06-19T11:55:26] [hem] Fetching state-wise counts ...
[2026-06-19T11:55:27] [hem]   36 state counts
[2026-06-19T11:55:27] [hem] Real state codes: ['1', '2', '3', '4', '5', '6', '7', '8', '9', '10', '11', '12', '13', '14', '15', '16', '17', '18', '19', '20', '21', '22', '23', '24', '27', '28', '29', '30', '31', '32', '33', '34', '35', '36', '37', '38', '88', '89', '95', '96', '97', '99']
[2026-06-19T11:55:27] [hem] Fetching all hospitals (no type filter) ...
[2026-06-19T11:55:29] [hem]   starting pagination: 37608 hospitals across 1254 pages
[2026-06-19T11:55:29] [hem]   page 1/1254, 30 so far — saving partial
[2026-06-19T11:56:10] [hem]   page 21/1254, 630 so far — saving partial
[2026-06-19T11:56:52] [hem]   page 41/1254, 1230 so far — saving partial
[2026-06-19T11:57:32] [hem]   page 61/1254, 1830 so far — saving partial
[2026-06-19T11:58:13] [hem]   page 81/1254, 2430 so far — saving partial
[2026-06-19T11:58:55] [hem]   page 101/1254, 3030 so far — saving partial
[2026-06-19T11:59:37] [hem]   page 121/1254, 3630 so far — saving partial
[2026-06-19T12:00:19] [hem]   page 141/1254, 4230 so far — saving partial
[2026-06-19T12:01:02] [hem]   page 161/1254, 4830 so far — saving partial
[2026-06-19T12:01:42] [hem]   page 181/1254, 5430 so far — saving partial
[2026-06-19T12:02:23] [hem]   page 201/1254, 6030 so far — saving partial
[2026-06-19T12:03:06] [hem]   page 221/1254, 6630 so far — saving partial
[2026-06-19T12:03:53] [hem]   page 241/1254, 7230 so far — saving partial
[2026-06-19T12:04:39] [hem]   page 261/1254, 7830 so far — saving partial
[2026-06-19T12:05:22] [hem]   page 281/1254, 8430 so far — saving partial
[2026-06-19T12:06:06] [hem]   page 301/1254, 9030 so far — saving partial
[2026-06-19T12:06:48] [hem]   page 321/1254, 9630 so far — saving partial
[2026-06-19T12:07:32] [hem]   page 341/1254, 10230 so far — saving partial
[2026-06-19T12:08:18] [hem]   page 361/1254, 10830 so far — saving partial
[2026-06-19T12:09:01] [hem]   page 381/1254, 11430 so far — saving partial
[2026-06-19T12:09:46] [hem]   page 401/1254, 12030 so far — saving partial
[2026-06-19T12:10:30] [hem]   page 421/1254, 12630 so far — saving partial
[2026-06-19T12:11:15] [hem]   page 441/1254, 13230 so far — saving partial
[2026-06-19T12:11:59] [hem]   page 461/1254, 13830 so far — saving partial
[2026-06-19T12:12:40] [hem]   page 481/1254, 14430 so far — saving partial
[2026-06-19T12:13:25] [hem]   page 501/1254, 15030 so far — saving partial
[2026-06-19T12:14:09] [hem]   page 521/1254, 15630 so far — saving partial
[2026-06-19T12:14:56] [hem]   page 541/1254, 16230 so far — saving partial
[2026-06-19T12:15:37] [hem]   page 561/1254, 16830 so far — saving partial
[2026-06-19T12:16:26] [hem]   page 581/1254, 17430 so far — saving partial
[2026-06-19T12:17:09] [hem]   page 601/1254, 18030 so far — saving partial
[2026-06-19T12:17:50] [hem]   page 621/1254, 18630 so far — saving partial
[2026-06-19T12:18:32] [hem]   page 641/1254, 19230 so far — saving partial
[2026-06-19T12:19:12] [hem]   page 661/1254, 19830 so far — saving partial
[2026-06-19T12:19:55] [hem]   page 681/1254, 20430 so far — saving partial
[2026-06-19T12:20:40] [hem]   page 701/1254, 21030 so far — saving partial
[2026-06-19T12:21:24] [hem]   page 721/1254, 21630 so far — saving partial
[2026-06-19T12:22:06] [hem]   page 741/1254, 22230 so far — saving partial
[2026-06-19T12:22:46] [hem]   page 761/1254, 22830 so far — saving partial
[2026-06-19T12:23:26] [hem]   page 781/1254, 23430 so far — saving partial
[2026-06-19T12:24:09] [hem]   page 801/1254, 24030 so far — saving partial
[2026-06-19T12:24:52] [hem]   page 821/1254, 24630 so far — saving partial
[2026-06-19T12:25:38] [hem]   page 841/1254, 25230 so far — saving partial
[2026-06-19T12:26:20] [hem]   page 861/1254, 25830 so far — saving partial
[2026-06-19T12:27:00] [hem]   page 881/1254, 26430 so far — saving partial
[2026-06-19T12:27:42] [hem]   page 901/1254, 27030 so far — saving partial
[2026-06-19T12:28:22] [hem]   page 921/1254, 27630 so far — saving partial
[2026-06-19T12:29:05] [hem]   page 941/1254, 28230 so far — saving partial
[2026-06-19T12:29:51] [hem]   page 961/1254, 28830 so far — saving partial
[2026-06-19T12:30:32] [hem]   page 981/1254, 29430 so far — saving partial
[2026-06-19T12:31:19] [hem]   page 1001/1254, 30030 so far — saving partial
[2026-06-19T12:32:04] [hem]   page 1021/1254, 30630 so far — saving partial
[2026-06-19T12:32:47] [hem]   page 1041/1254, 31230 so far — saving partial
[2026-06-19T12:33:30] [hem]   page 1061/1254, 31830 so far — saving partial
[2026-06-19T12:34:14] [hem]   page 1081/1254, 32430 so far — saving partial
[2026-06-19T12:35:00] [hem]   page 1101/1254, 33030 so far — saving partial
[2026-06-19T12:35:45] [hem]   page 1121/1254, 33630 so far — saving partial
[2026-06-19T12:36:29] [hem]   page 1141/1254, 34230 so far — saving partial
[2026-06-19T12:37:14] [hem]   page 1161/1254, 34830 so far — saving partial
[2026-06-19T12:37:56] [hem]   page 1181/1254, 35430 so far — saving partial
[2026-06-19T12:38:39] [hem]   page 1201/1254, 36030 so far — saving partial
[2026-06-19T12:39:20] [hem]   page 1221/1254, 36630 so far — saving partial
[2026-06-19T12:40:02] [hem]   page 1241/1254, 37230 so far — saving partial
[2026-06-19T12:40:31] [hem]   page 1254/1254, 37609 so far — saving partial
[2026-06-19T12:40:31] [hem]   fetched 37609 total
[2026-06-19T12:40:31] [hem]   unique: 36615
[2026-06-19T12:40:31] [hem] Wrote hem_raw.json (36615 hospitals)
[2026-06-19T12:40:31] [hem] By state:
[2026-06-19T12:40:31] [hem]   UTTAR PRADESH                            6412
[2026-06-19T12:40:31] [hem]   MAHARASHTRA                              4886
[2026-06-19T12:40:31] [hem]   KARNATAKA                                3581
[2026-06-19T12:40:31] [hem]   ANDHRA PRADESH                           2476
[2026-06-19T12:40:31] [hem]   TAMIL NADU                               2314
[2026-06-19T12:40:31] [hem]   GUJARAT                                  1983
[2026-06-19T12:40:31] [hem]   RAJASTHAN                                1909
[2026-06-19T12:40:31] [hem]   MADHYA PRADESH                           1885
[2026-06-19T12:40:31] [hem]   CHHATTISGARH                             1703
[2026-06-19T12:40:31] [hem]   TELANGANA                                1526
[2026-06-19T12:40:31] [hem]   HARYANA                                  1323
[2026-06-19T12:40:31] [hem]   BIHAR                                    1283
[2026-06-19T12:40:31] [hem]   PUNJAB                                   868
[2026-06-19T12:40:31] [hem]   ODISHA                                   859
[2026-06-19T12:40:31] [hem]   UTTARAKHAND                              564
[2026-06-19T12:40:31] [hem]   KERALA                                   545
[2026-06-19T12:40:31] [hem]   JHARKHAND                                540
[2026-06-19T12:40:31] [hem]   HIMACHAL PRADESH                         302
[2026-06-19T12:40:31] [hem]   ASSAM                                    294
[2026-06-19T12:40:31] [hem]   JAMMU AND KASHMIR                        271
[2026-06-19T12:40:31] [hem]   DELHI                                    235
[2026-06-19T12:40:31] [hem]   MEGHALAYA                                181
[2026-06-19T12:40:31] [hem]   TRIPURA                                  147
[2026-06-19T12:40:31] [hem]   WEST BENGAL                              116
[2026-06-19T12:40:31] [hem]   MIZORAM                                  86
[2026-06-19T12:40:31] [hem]   NAGALAND                                 64
[2026-06-19T12:40:31] [hem]   MANIPUR                                  61
[2026-06-19T12:40:31] [hem]   ARUNACHAL PRADESH                        50
[2026-06-19T12:40:31] [hem]   PUDUCHERRY                               33
[2026-06-19T12:40:31] [hem]   CHANDIGARH                               30
[2026-06-19T12:40:31] [hem]   GOA                                      26
[2026-06-19T12:40:31] [hem]   DNH AND DD                               20
[2026-06-19T12:40:31] [hem]   SIKKIM                                   19
[2026-06-19T12:40:31] [hem]   LADAKH                                   11
[2026-06-19T12:40:31] [hem]   ANDAMAN AND NICOBAR ISLANDS              7
[2026-06-19T12:40:31] [hem]   LAKSHADWEEP                              5
